2013-10-06 12:54:23 [INFO] [Multiverse-Core] - Version 2.4-b527 (API v14) Enabled - By Rigby, fernferret, lithium3141 and main--
2013-10-06 12:54:23 [INFO] [Multiverse-Core] Loading World & Settings - 'world' - Env: NORMAL - Type: NORMAL & seed: 2979860033885135671
2013-10-06 12:54:23 [WARNING] [Multiverse-Core] Spawn location from world.dat file was unsafe. Adjusting...
2013-10-06 12:54:23 [WARNING] [Multiverse-Core] Original Location: X: -252 Y: 64 Z: 240 P: 0 Y: 0 
2013-10-06 12:54:23 [INFO] [Multiverse-Core] New Spawn for 'world' is Located at: world:-259.50,65.00,232.50:0.00:0.00
2013-10-06 12:54:24 [INFO] [Multiverse-Core] Loading World & Settings - 'world_nether' - Env: NETHER - Type: NORMAL & seed: 2979860033885135671
2013-10-06 12:54:24 [WARNING] [Multiverse-Core] Spawn location from world.dat file was unsafe. Adjusting...
2013-10-06 12:54:24 [WARNING] [Multiverse-Core] Original Location: X: -252 Y: 64 Z: 240 P: 0 Y: 0 
2013-10-06 12:54:24 [INFO] [Multiverse-Core] New Spawn for 'world_nether' is Located at: world_nether:0.00,18.00,0.00:0.00:0.00
2013-10-06 12:54:27 [INFO] [Multiverse-Core] Loading World & Settings - 'world_the_end' - Env: THE_END - Type: NORMAL & seed: 2979860033885135671
2013-10-06 12:54:27 [WARNING] [Multiverse-Core] Spawn location from world.dat file was unsafe. Adjusting...
2013-10-06 12:54:27 [WARNING] [Multiverse-Core] Original Location: X: -252 Y: 64 Z: 240 P: 0 Y: 0 
2013-10-06 12:54:27 [INFO] [Multiverse-Core] New Spawn for 'world_the_end' is Located at: world_the_end:0.00,59.00,0.00:0.00:0.00
2013-10-06 12:54:28 [INFO] [Multiverse-Core] Loading World & Settings - 'world' - Env: NORMAL - Type: NORMAL & seed: 2979860033885135671
2013-10-06 12:54:28 [INFO] [Multiverse-Core] Loading World & Settings - 'world_nether' - Env: NETHER - Type: NORMAL & seed: 2979860033885135671
2013-10-06 12:54:28 [INFO] [Multiverse-Core] Loading World & Settings - 'world_the_end' - Env: THE_END - Type: NORMAL & seed: 2979860033885135671
2013-10-06 12:54:29 [INFO] [Multiverse-Core] 3 - World(s) loaded.
2013-10-06 12:54:57 [INFO] [Multiverse-Core] Loading World & Settings - 'world' - Env: NORMAL - Type: NORMAL & seed: 2979860033885135671
2013-10-06 12:54:57 [INFO] [Multiverse-Core] Loading World & Settings - 'world_nether' - Env: NETHER - Type: NORMAL & seed: 2979860033885135671
2013-10-06 12:54:57 [INFO] [Multiverse-Core] Loading World & Settings - 'world_the_end' - Env: THE_END - Type: NORMAL & seed: 2979860033885135671
2013-10-06 12:54:57 [INFO] [Multiverse-Core] 3 - World(s) loaded.
2013-10-06 12:55:33 [INFO] [Multiverse-Core] - Version 2.4-b527 (API v14) Enabled - By Rigby, fernferret, lithium3141 and main--
2013-10-06 12:55:33 [INFO] [Multiverse-Core] Loading World & Settings - 'world' - Env: NORMAL - Type: NORMAL & seed: 2979860033885135671
2013-10-06 12:55:33 [INFO] [Multiverse-Core] Loading World & Settings - 'world_nether' - Env: NETHER - Type: NORMAL & seed: 2979860033885135671
2013-10-06 12:55:33 [INFO] [Multiverse-Core] Loading World & Settings - 'world_the_end' - Env: THE_END - Type: NORMAL & seed: 2979860033885135671
2013-10-06 12:55:33 [INFO] [Multiverse-Core] 3 - World(s) loaded.
2013-10-06 12:56:51 [INFO] [Multiverse-Core] - Version 2.4-b527 (API v14) Enabled - By Rigby, fernferret, lithium3141 and main--
2013-10-06 12:56:52 [INFO] [Multiverse-Core] Loading World & Settings - 'world' - Env: NORMAL - Type: NORMAL & seed: 2979860033885135671
2013-10-06 12:56:52 [INFO] [Multiverse-Core] Loading World & Settings - 'world_nether' - Env: NETHER - Type: NORMAL & seed: 2979860033885135671
2013-10-06 12:56:52 [INFO] [Multiverse-Core] Loading World & Settings - 'world_the_end' - Env: THE_END - Type: NORMAL & seed: 2979860033885135671
2013-10-06 12:56:52 [INFO] [Multiverse-Core] 3 - World(s) loaded.
2013-10-06 12:59:17 [INFO] [Multiverse-Core] - Version 2.4-b527 (API v14) Enabled - By Rigby, fernferret, lithium3141 and main--
2013-10-06 12:59:17 [INFO] [Multiverse-Core] Loading World & Settings - 'world' - Env: NORMAL - Type: NORMAL & seed: 2979860033885135671
2013-10-06 12:59:17 [INFO] [Multiverse-Core] Loading World & Settings - 'world_nether' - Env: NETHER - Type: NORMAL & seed: 2979860033885135671
2013-10-06 12:59:17 [INFO] [Multiverse-Core] Loading World & Settings - 'world_the_end' - Env: THE_END - Type: NORMAL & seed: 2979860033885135671
2013-10-06 12:59:17 [INFO] [Multiverse-Core] 3 - World(s) loaded.
2013-10-06 13:28:28 [INFO] [Multiverse-Core] - Version 2.4-b527 (API v14) Enabled - By Rigby, fernferret, lithium3141 and main--
2013-10-06 13:28:28 [INFO] [Multiverse-Core] Loading World & Settings - 'quest_the_end' - Env: THE_END - Type: NORMAL & seed: 5911596955946031148
2013-10-06 13:28:28 [WARNING] [Multiverse-Core] Spawn location from world.dat file was unsafe. Adjusting...
2013-10-06 13:28:28 [WARNING] [Multiverse-Core] Original Location: X: 0 Y: 50 Z: 0 P: 0 Y: 0 
2013-10-06 13:28:28 [INFO] [Multiverse-Core] New Spawn for 'quest_the_end' is Located at: quest_the_end:0.00,64.00,0.00:0.00:0.00
2013-10-06 13:28:28 [INFO] [Multiverse-Core] Loading World & Settings - 'quest' - Env: NORMAL - Type: NORMAL & seed: 2979860033885135671
2013-10-06 13:28:28 [WARNING] [Multiverse-Core] Spawn location from world.dat file was unsafe. Adjusting...
2013-10-06 13:28:28 [WARNING] [Multiverse-Core] Original Location: X: -72 Y: 73 Z: 200 P: 0 Y: 0 
2013-10-06 13:28:28 [INFO] [Multiverse-Core] New Spawn for 'quest' is Located at: quest:-70.50,73.00,200.50:0.00:0.00
2013-10-06 13:28:28 [INFO] [Multiverse-Core] Loading World & Settings - 'quest_creative' - Env: NORMAL - Type: NORMAL & seed: 2979860033885135671
2013-10-06 13:28:29 [WARNING] [Multiverse-Core] Spawn location from world.dat file was unsafe. Adjusting...
2013-10-06 13:28:29 [WARNING] [Multiverse-Core] Original Location: X: 0 Y: 56 Z: 0 P: 0 Y: 0 
2013-10-06 13:28:29 [INFO] [Multiverse-Core] New Spawn for 'quest_creative' is Located at: quest_creative:-0.50,56.00,0.50:0.00:0.00
2013-10-06 13:28:29 [INFO] [Multiverse-Core] Loading World & Settings - 'quest_the_end' - Env: THE_END - Type: NORMAL & seed: 5911596955946031148
2013-10-06 13:28:29 [INFO] [Multiverse-Core] 3 - World(s) loaded.
2013-10-06 13:28:29 [WARNING] [Multiverse-Core] The world specified as the spawn world (world) did not exist!!
2013-10-06 13:37:01 [INFO] [Multiverse-Core] - Version 2.4-b527 (API v14) Enabled - By Rigby, fernferret, lithium3141 and main--
2013-10-06 13:37:01 [INFO] [Multiverse-Core] Loading World & Settings - 'quest' - Env: NORMAL - Type: NORMAL & seed: 1962177577367602997
2013-10-06 13:37:01 [INFO] [Multiverse-Core] Loading World & Settings - 'quest_creative' - Env: NORMAL - Type: FLAT & seed: 2979860033885135671
2013-10-06 13:37:02 [INFO] [Multiverse-Core] Loading World & Settings - 'quest_the_end' - Env: THE_END - Type: NORMAL & seed: 5911596955946031148
2013-10-06 13:37:02 [INFO] [Multiverse-Core] 3 - World(s) loaded.
2013-10-06 13:38:25 [INFO] [Multiverse-Core] - Version 2.4-b527 (API v14) Enabled - By Rigby, fernferret, lithium3141 and main--
2013-10-06 13:38:25 [INFO] [Multiverse-Core] Loading World & Settings - 'quest' - Env: NORMAL - Type: NORMAL & seed: 1962177577367602997
2013-10-06 13:38:25 [INFO] [Multiverse-Core] Loading World & Settings - 'quest_creative' - Env: NORMAL - Type: FLAT & seed: -5003094645941613726
2013-10-06 13:38:26 [INFO] [Multiverse-Core] Loading World & Settings - 'quest_the_end' - Env: THE_END - Type: NORMAL & seed: 5911596955946031148
2013-10-06 13:38:26 [INFO] [Multiverse-Core] 3 - World(s) loaded.
2013-10-06 13:39:19 [INFO] [Multiverse-Core] - Version 2.4-b527 (API v14) Enabled - By Rigby, fernferret, lithium3141 and main--
2013-10-06 13:39:19 [INFO] [Multiverse-Core] Loading World & Settings - 'quest' - Env: NORMAL - Type: NORMAL & seed: 1962177577367602997
2013-10-06 13:39:20 [INFO] [Multiverse-Core] Loading World & Settings - 'quest_creative' - Env: NORMAL - Type: FLAT & seed: -5003094645941613726
2013-10-06 13:39:20 [INFO] [Multiverse-Core] Loading World & Settings - 'quest_the_end' - Env: THE_END - Type: NORMAL & seed: 5911596955946031148
2013-10-06 13:39:20 [INFO] [Multiverse-Core] 3 - World(s) loaded.
2013-10-06 14:09:45 [INFO] [Multiverse-Core] - Version 2.4-b527 (API v14) Enabled - By Rigby, fernferret, lithium3141 and main--
2013-10-06 14:09:46 [INFO] [Multiverse-Core] Loading World & Settings - 'quest' - Env: NORMAL - Type: NORMAL & seed: 1962177577367602997
2013-10-06 14:09:46 [INFO] [Multiverse-Core] Loading World & Settings - 'quest_creative' - Env: NORMAL - Type: FLAT & seed: -5003094645941613726
2013-10-06 14:09:46 [INFO] [Multiverse-Core] Loading World & Settings - 'quest_the_end' - Env: THE_END - Type: NORMAL & seed: 5911596955946031148
2013-10-06 14:09:47 [INFO] [Multiverse-Core] 3 - World(s) loaded.
2013-10-06 14:28:48 [INFO] [Multiverse-Core] - Version 2.4-b527 (API v14) Enabled - By Rigby, fernferret, lithium3141 and main--
2013-10-06 14:28:49 [INFO] [Multiverse-Core] Loading World & Settings - 'quest' - Env: NORMAL - Type: NORMAL & seed: 1962177577367602997
2013-10-06 14:28:49 [INFO] [Multiverse-Core] Loading World & Settings - 'quest_creative' - Env: NORMAL - Type: FLAT & seed: -5003094645941613726
2013-10-06 14:28:49 [INFO] [Multiverse-Core] Loading World & Settings - 'quest_the_end' - Env: THE_END - Type: NORMAL & seed: 5911596955946031148
2013-10-06 14:28:50 [INFO] [Multiverse-Core] 3 - World(s) loaded.
2013-10-06 14:28:50 [INFO] [Multiverse-Core] Loading anchor:  'snake'...
2013-10-06 14:28:50 [INFO] [Multiverse-Core] Loading anchor:  'eagle'...
2013-10-06 14:28:50 [INFO] [Multiverse-Core] Loading anchor:  'lizard'...
2013-10-06 14:28:50 [INFO] [Multiverse-Core] Loading anchor:  'dragon'...
2013-10-06 14:28:50 [INFO] [Multiverse-Core] Loading anchor:  'manji'...
2013-10-06 14:28:50 [INFO] [Multiverse-Core] Loading anchor:  'moon'...
2013-10-06 15:12:28 [INFO] [Multiverse-Core] - Version 2.4-b527 (API v14) Enabled - By Rigby, fernferret, lithium3141 and main--
2013-10-06 15:12:28 [INFO] [Multiverse-Core] Loading World & Settings - 'quest' - Env: NORMAL - Type: NORMAL & seed: 1962177577367602997
2013-10-06 15:12:28 [INFO] [Multiverse-Core] Loading World & Settings - 'quest_creative' - Env: NORMAL - Type: FLAT & seed: -5003094645941613726
2013-10-06 15:12:29 [INFO] [Multiverse-Core] Loading World & Settings - 'quest_the_end' - Env: THE_END - Type: NORMAL & seed: 5911596955946031148
2013-10-06 15:12:29 [INFO] [Multiverse-Core] 3 - World(s) loaded.
2013-10-06 15:12:29 [INFO] [Multiverse-Core] Loading anchor:  'snake'...
2013-10-06 15:12:29 [INFO] [Multiverse-Core] Loading anchor:  'eagle'...
2013-10-06 15:12:29 [INFO] [Multiverse-Core] Loading anchor:  'lizard'...
2013-10-06 15:12:29 [INFO] [Multiverse-Core] Loading anchor:  'dragon'...
2013-10-06 15:12:29 [INFO] [Multiverse-Core] Loading anchor:  'manji'...
2013-10-06 15:12:29 [INFO] [Multiverse-Core] Loading anchor:  'moon'...
2013-10-06 15:12:29 [INFO] [Multiverse-Core] Loading anchor:  'demon'...
2013-10-06 15:23:19 [INFO] [Multiverse-Core] - Version 2.4-b527 (API v14) Enabled - By Rigby, fernferret, lithium3141 and main--
2013-10-06 15:23:19 [INFO] [Multiverse-Core] Loading World & Settings - 'quest' - Env: NORMAL - Type: NORMAL & seed: 1962177577367602997
2013-10-06 15:23:20 [INFO] [Multiverse-Core] Loading World & Settings - 'quest_creative' - Env: NORMAL - Type: FLAT & seed: -5003094645941613726
2013-10-06 15:23:20 [INFO] [Multiverse-Core] Loading World & Settings - 'quest_the_end' - Env: THE_END - Type: NORMAL & seed: 5911596955946031148
2013-10-06 15:23:20 [INFO] [Multiverse-Core] 3 - World(s) loaded.
2013-10-06 15:23:20 [INFO] [Multiverse-Core] Loading anchor:  'snake'...
2013-10-06 15:23:20 [INFO] [Multiverse-Core] Loading anchor:  'eagle'...
2013-10-06 15:23:20 [INFO] [Multiverse-Core] Loading anchor:  'lizard'...
2013-10-06 15:23:20 [INFO] [Multiverse-Core] Loading anchor:  'dragon'...
2013-10-06 15:23:20 [INFO] [Multiverse-Core] Loading anchor:  'manji'...
2013-10-06 15:23:20 [INFO] [Multiverse-Core] Loading anchor:  'moon'...
2013-10-06 15:23:20 [INFO] [Multiverse-Core] Loading anchor:  'demon'...
2013-10-06 16:04:45 [INFO] [Multiverse-Core] - Version 2.4-b527 (API v14) Enabled - By Rigby, fernferret, lithium3141 and main--
2013-10-06 16:04:45 [INFO] [Multiverse-Core] Loading World & Settings - 'quest' - Env: NORMAL - Type: NORMAL & seed: 1962177577367602997
2013-10-06 16:04:45 [INFO] [Multiverse-Core] Loading World & Settings - 'quest_creative' - Env: NORMAL - Type: FLAT & seed: -5003094645941613726
2013-10-06 16:04:46 [INFO] [Multiverse-Core] Loading World & Settings - 'quest_the_end' - Env: THE_END - Type: NORMAL & seed: 5911596955946031148
2013-10-06 16:04:46 [INFO] [Multiverse-Core] 3 - World(s) loaded.
2013-10-06 16:04:46 [INFO] [Multiverse-Core] Loading anchor:  'snake'...
2013-10-06 16:04:46 [INFO] [Multiverse-Core] Loading anchor:  'eagle'...
2013-10-06 16:04:46 [INFO] [Multiverse-Core] Loading anchor:  'lizard'...
2013-10-06 16:04:46 [INFO] [Multiverse-Core] Loading anchor:  'dragon'...
2013-10-06 16:04:46 [INFO] [Multiverse-Core] Loading anchor:  'manji'...
2013-10-06 16:04:46 [INFO] [Multiverse-Core] Loading anchor:  'moon'...
2013-10-06 16:04:46 [INFO] [Multiverse-Core] Loading anchor:  'demon'...
2013-10-06 17:55:42 [INFO] [Multiverse-Core] - Version 2.4-b527 (API v14) Enabled - By Rigby, fernferret, lithium3141 and main--
2013-10-06 17:55:42 [INFO] [Multiverse-Core] Loading World & Settings - 'quest' - Env: NORMAL - Type: NORMAL & seed: 1962177577367602997
2013-10-06 17:55:42 [INFO] [Multiverse-Core] Loading World & Settings - 'quest_creative' - Env: NORMAL - Type: FLAT & seed: -5003094645941613726
2013-10-06 17:55:43 [INFO] [Multiverse-Core] Loading World & Settings - 'quest_the_end' - Env: THE_END - Type: NORMAL & seed: 5911596955946031148
2013-10-06 17:55:43 [INFO] [Multiverse-Core] 3 - World(s) loaded.
2013-10-06 17:55:43 [INFO] [Multiverse-Core] Loading anchor:  'snake'...
2013-10-06 17:55:43 [INFO] [Multiverse-Core] Loading anchor:  'eagle'...
2013-10-06 17:55:43 [INFO] [Multiverse-Core] Loading anchor:  'lizard'...
2013-10-06 17:55:43 [INFO] [Multiverse-Core] Loading anchor:  'dragon'...
2013-10-06 17:55:43 [INFO] [Multiverse-Core] Loading anchor:  'manji'...
2013-10-06 17:55:43 [INFO] [Multiverse-Core] Loading anchor:  'moon'...
2013-10-06 17:55:43 [INFO] [Multiverse-Core] Loading anchor:  'demon'...
2013-10-06 19:37:40 [INFO] [Multiverse-Core] - Version 2.4-b527 (API v14) Enabled - By Rigby, fernferret, lithium3141 and main--
2013-10-06 19:37:41 [INFO] [Multiverse-Core] Loading World & Settings - 'quest' - Env: NORMAL - Type: NORMAL & seed: 1962177577367602997
2013-10-06 19:37:41 [INFO] [Multiverse-Core] Loading World & Settings - 'quest_creative' - Env: NORMAL - Type: FLAT & seed: -5003094645941613726
2013-10-06 19:37:41 [INFO] [Multiverse-Core] Loading World & Settings - 'quest_the_end' - Env: THE_END - Type: NORMAL & seed: 5911596955946031148
2013-10-06 19:37:41 [INFO] [Multiverse-Core] 3 - World(s) loaded.
2013-10-06 19:37:41 [INFO] [Multiverse-Core] Loading anchor:  'snake'...
2013-10-06 19:37:41 [INFO] [Multiverse-Core] Loading anchor:  'eagle'...
2013-10-06 19:37:41 [INFO] [Multiverse-Core] Loading anchor:  'lizard'...
2013-10-06 19:37:41 [INFO] [Multiverse-Core] Loading anchor:  'dragon'...
2013-10-06 19:37:41 [INFO] [Multiverse-Core] Loading anchor:  'manji'...
2013-10-06 19:37:41 [INFO] [Multiverse-Core] Loading anchor:  'moon'...
2013-10-06 19:37:41 [INFO] [Multiverse-Core] Loading anchor:  'demon'...
2013-10-06 19:39:10 [INFO] [Multiverse-Core] - Version 2.4-b527 (API v14) Enabled - By Rigby, fernferret, lithium3141 and main--
2013-10-06 19:39:10 [INFO] [Multiverse-Core] Loading World & Settings - 'quest' - Env: NORMAL - Type: NORMAL & seed: 1962177577367602997
2013-10-06 19:39:10 [INFO] [Multiverse-Core] Loading World & Settings - 'quest_creative' - Env: NORMAL - Type: FLAT & seed: -5003094645941613726
2013-10-06 19:39:11 [INFO] [Multiverse-Core] Loading World & Settings - 'quest_the_end' - Env: THE_END - Type: NORMAL & seed: 5911596955946031148
2013-10-06 19:39:11 [INFO] [Multiverse-Core] 3 - World(s) loaded.
2013-10-06 19:39:11 [INFO] [Multiverse-Core] Loading anchor:  'snake'...
2013-10-06 19:39:11 [INFO] [Multiverse-Core] Loading anchor:  'eagle'...
2013-10-06 19:39:11 [INFO] [Multiverse-Core] Loading anchor:  'lizard'...
2013-10-06 19:39:11 [INFO] [Multiverse-Core] Loading anchor:  'dragon'...
2013-10-06 19:39:11 [INFO] [Multiverse-Core] Loading anchor:  'manji'...
2013-10-06 19:39:11 [INFO] [Multiverse-Core] Loading anchor:  'moon'...
2013-10-06 19:39:11 [INFO] [Multiverse-Core] Loading anchor:  'demon'...
2013-10-06 19:41:27 [INFO] [Multiverse-Core] - Version 2.4-b527 (API v14) Enabled - By Rigby, fernferret, lithium3141 and main--
2013-10-06 19:41:27 [INFO] [Multiverse-Core] Loading World & Settings - 'quest' - Env: NORMAL - Type: NORMAL & seed: 1962177577367602997
2013-10-06 19:41:27 [INFO] [Multiverse-Core] Loading World & Settings - 'quest_creative' - Env: NORMAL - Type: FLAT & seed: -5003094645941613726
2013-10-06 19:41:30 [INFO] [Multiverse-Core] Loading World & Settings - 'quest_the_end' - Env: THE_END - Type: NORMAL & seed: 5911596955946031148
2013-10-06 19:41:30 [INFO] [Multiverse-Core] 3 - World(s) loaded.
2013-10-06 19:41:30 [INFO] [Multiverse-Core] Loading anchor:  'snake'...
2013-10-06 19:41:30 [INFO] [Multiverse-Core] Loading anchor:  'eagle'...
2013-10-06 19:41:30 [INFO] [Multiverse-Core] Loading anchor:  'lizard'...
2013-10-06 19:41:30 [INFO] [Multiverse-Core] Loading anchor:  'dragon'...
2013-10-06 19:41:30 [INFO] [Multiverse-Core] Loading anchor:  'manji'...
2013-10-06 19:41:30 [INFO] [Multiverse-Core] Loading anchor:  'moon'...
2013-10-06 19:41:30 [INFO] [Multiverse-Core] Loading anchor:  'demon'...
2013-10-06 20:57:30 [INFO] [Multiverse-Core] - Version 2.4-b527 (API v14) Enabled - By Rigby, fernferret, lithium3141 and main--
2013-10-06 20:57:30 [INFO] [Multiverse-Core] Loading World & Settings - 'quest' - Env: NORMAL - Type: NORMAL & seed: 1962177577367602997
2013-10-06 20:57:30 [INFO] [Multiverse-Core] Loading World & Settings - 'quest_creative' - Env: NORMAL - Type: FLAT & seed: -5003094645941613726
2013-10-06 20:57:31 [INFO] [Multiverse-Core] Loading World & Settings - 'quest_the_end' - Env: THE_END - Type: NORMAL & seed: 5911596955946031148
2013-10-06 20:57:31 [INFO] [Multiverse-Core] 3 - World(s) loaded.
2013-10-06 20:57:31 [INFO] [Multiverse-Core] Loading anchor:  'snake'...
2013-10-06 20:57:31 [INFO] [Multiverse-Core] Loading anchor:  'eagle'...
2013-10-06 20:57:31 [INFO] [Multiverse-Core] Loading anchor:  'lizard'...
2013-10-06 20:57:31 [INFO] [Multiverse-Core] Loading anchor:  'dragon'...
2013-10-06 20:57:31 [INFO] [Multiverse-Core] Loading anchor:  'manji'...
2013-10-06 20:57:31 [INFO] [Multiverse-Core] Loading anchor:  'moon'...
2013-10-06 20:57:31 [INFO] [Multiverse-Core] Loading anchor:  'demon'...
2013-10-06 21:52:44 [INFO] [Multiverse-Core] - Version 2.4-b527 (API v14) Enabled - By Rigby, fernferret, lithium3141 and main--
2013-10-06 21:52:45 [INFO] [Multiverse-Core] Loading World & Settings - 'quest' - Env: NORMAL - Type: NORMAL & seed: 1962177577367602997
2013-10-06 21:52:45 [INFO] [Multiverse-Core] Loading World & Settings - 'quest_creative' - Env: NORMAL - Type: FLAT & seed: -5003094645941613726
2013-10-06 21:52:45 [INFO] [Multiverse-Core] Loading World & Settings - 'quest_the_end' - Env: THE_END - Type: NORMAL & seed: 5911596955946031148
2013-10-06 21:52:45 [INFO] [Multiverse-Core] 3 - World(s) loaded.
2013-10-06 21:52:45 [INFO] [Multiverse-Core] Loading anchor:  'snake'...
2013-10-06 21:52:45 [INFO] [Multiverse-Core] Loading anchor:  'eagle'...
2013-10-06 21:52:45 [INFO] [Multiverse-Core] Loading anchor:  'lizard'...
2013-10-06 21:52:45 [INFO] [Multiverse-Core] Loading anchor:  'dragon'...
2013-10-06 21:52:45 [INFO] [Multiverse-Core] Loading anchor:  'manji'...
2013-10-06 21:52:45 [INFO] [Multiverse-Core] Loading anchor:  'moon'...
2013-10-06 21:52:45 [INFO] [Multiverse-Core] Loading anchor:  'demon'...
2013-10-07 06:59:22 [INFO] [Multiverse-Core] - Version 2.4-b527 (API v14) Enabled - By Rigby, fernferret, lithium3141 and main--
2013-10-07 06:59:22 [INFO] [Multiverse-Core] Loading World & Settings - 'quest' - Env: NORMAL - Type: NORMAL & seed: 1962177577367602997
2013-10-07 06:59:22 [INFO] [Multiverse-Core] Loading World & Settings - 'quest_creative' - Env: NORMAL - Type: FLAT & seed: -5003094645941613726
2013-10-07 06:59:23 [INFO] [Multiverse-Core] Loading World & Settings - 'quest_the_end' - Env: THE_END - Type: NORMAL & seed: 5911596955946031148
2013-10-07 06:59:23 [INFO] [Multiverse-Core] 3 - World(s) loaded.
2013-10-07 06:59:23 [INFO] [Multiverse-Core] Loading anchor:  'snake'...
2013-10-07 06:59:23 [INFO] [Multiverse-Core] Loading anchor:  'eagle'...
2013-10-07 06:59:23 [INFO] [Multiverse-Core] Loading anchor:  'lizard'...
2013-10-07 06:59:23 [INFO] [Multiverse-Core] Loading anchor:  'dragon'...
2013-10-07 06:59:23 [INFO] [Multiverse-Core] Loading anchor:  'manji'...
2013-10-07 06:59:23 [INFO] [Multiverse-Core] Loading anchor:  'moon'...
2013-10-07 06:59:23 [INFO] [Multiverse-Core] Loading anchor:  'demon'...
2013-10-07 07:46:05 [INFO] [Multiverse-Core] - Version 2.4-b527 (API v14) Enabled - By Rigby, fernferret, lithium3141 and main--
2013-10-07 07:46:05 [INFO] [Multiverse-Core] Loading World & Settings - 'quest' - Env: NORMAL - Type: NORMAL & seed: 1962177577367602997
2013-10-07 07:46:05 [INFO] [Multiverse-Core] Loading World & Settings - 'quest_creative' - Env: NORMAL - Type: FLAT & seed: -5003094645941613726
2013-10-07 07:46:06 [INFO] [Multiverse-Core] Loading World & Settings - 'quest_the_end' - Env: THE_END - Type: NORMAL & seed: 5911596955946031148
2013-10-07 07:46:06 [INFO] [Multiverse-Core] 3 - World(s) loaded.
2013-10-07 07:46:06 [INFO] [Multiverse-Core] Loading anchor:  'snake'...
2013-10-07 07:46:06 [INFO] [Multiverse-Core] Loading anchor:  'eagle'...
2013-10-07 07:46:06 [INFO] [Multiverse-Core] Loading anchor:  'lizard'...
2013-10-07 07:46:06 [INFO] [Multiverse-Core] Loading anchor:  'dragon'...
2013-10-07 07:46:06 [INFO] [Multiverse-Core] Loading anchor:  'manji'...
2013-10-07 07:46:06 [INFO] [Multiverse-Core] Loading anchor:  'moon'...
2013-10-07 07:46:06 [INFO] [Multiverse-Core] Loading anchor:  'demon'...
2013-10-07 19:59:34 [INFO] [Multiverse-Core] - Version 2.4-b527 (API v14) Enabled - By Rigby, fernferret, lithium3141 and main--
2013-10-07 19:59:34 [INFO] [Multiverse-Core] Loading World & Settings - 'quest' - Env: NORMAL - Type: NORMAL & seed: 1962177577367602997
2013-10-07 19:59:34 [INFO] [Multiverse-Core] Loading World & Settings - 'quest_creative' - Env: NORMAL - Type: FLAT & seed: -5003094645941613726
2013-10-07 19:59:35 [INFO] [Multiverse-Core] Loading World & Settings - 'quest_the_end' - Env: THE_END - Type: NORMAL & seed: 5911596955946031148
2013-10-07 19:59:35 [INFO] [Multiverse-Core] 3 - World(s) loaded.
2013-10-07 19:59:35 [INFO] [Multiverse-Core] Loading anchor:  'snake'...
2013-10-07 19:59:35 [INFO] [Multiverse-Core] Loading anchor:  'eagle'...
2013-10-07 19:59:35 [INFO] [Multiverse-Core] Loading anchor:  'lizard'...
2013-10-07 19:59:35 [INFO] [Multiverse-Core] Loading anchor:  'dragon'...
2013-10-07 19:59:35 [INFO] [Multiverse-Core] Loading anchor:  'manji'...
2013-10-07 19:59:35 [INFO] [Multiverse-Core] Loading anchor:  'moon'...
2013-10-07 19:59:35 [INFO] [Multiverse-Core] Loading anchor:  'demon'...
2013-10-08 05:25:14 [INFO] [Multiverse-Core] - Version 2.4-b527 (API v14) Enabled - By Rigby, fernferret, lithium3141 and main--
2013-10-08 05:25:14 [INFO] [Multiverse-Core] Loading World & Settings - 'quest' - Env: NORMAL - Type: NORMAL & seed: 1962177577367602997
2013-10-08 05:25:14 [INFO] [Multiverse-Core] Loading World & Settings - 'quest_creative' - Env: NORMAL - Type: FLAT & seed: -5003094645941613726
2013-10-08 05:25:15 [INFO] [Multiverse-Core] Loading World & Settings - 'quest_the_end' - Env: THE_END - Type: NORMAL & seed: 5911596955946031148
2013-10-08 05:25:15 [INFO] [Multiverse-Core] 3 - World(s) loaded.
2013-10-08 05:25:15 [INFO] [Multiverse-Core] Loading anchor:  'snake'...
2013-10-08 05:25:15 [INFO] [Multiverse-Core] Loading anchor:  'eagle'...
2013-10-08 05:25:15 [INFO] [Multiverse-Core] Loading anchor:  'lizard'...
2013-10-08 05:25:15 [INFO] [Multiverse-Core] Loading anchor:  'dragon'...
2013-10-08 05:25:15 [INFO] [Multiverse-Core] Loading anchor:  'manji'...
2013-10-08 05:25:15 [INFO] [Multiverse-Core] Loading anchor:  'moon'...
2013-10-08 05:25:15 [INFO] [Multiverse-Core] Loading anchor:  'demon'...
2013-10-08 07:02:32 [INFO] [Multiverse-Core] - Version 2.4-b527 (API v14) Enabled - By Rigby, fernferret, lithium3141 and main--
2013-10-08 07:02:32 [INFO] [Multiverse-Core] Loading World & Settings - 'quest' - Env: NORMAL - Type: NORMAL & seed: 1962177577367602997
2013-10-08 07:02:32 [INFO] [Multiverse-Core] Loading World & Settings - 'quest_creative' - Env: NORMAL - Type: FLAT & seed: -5003094645941613726
2013-10-08 07:02:33 [INFO] [Multiverse-Core] Loading World & Settings - 'quest_the_end' - Env: THE_END - Type: NORMAL & seed: 5911596955946031148
2013-10-08 07:02:33 [INFO] [Multiverse-Core] 3 - World(s) loaded.
2013-10-08 07:02:33 [INFO] [Multiverse-Core] Loading anchor:  'snake'...
2013-10-08 07:02:33 [INFO] [Multiverse-Core] Loading anchor:  'eagle'...
2013-10-08 07:02:33 [INFO] [Multiverse-Core] Loading anchor:  'lizard'...
2013-10-08 07:02:33 [INFO] [Multiverse-Core] Loading anchor:  'dragon'...
2013-10-08 07:02:33 [INFO] [Multiverse-Core] Loading anchor:  'manji'...
2013-10-08 07:02:33 [INFO] [Multiverse-Core] Loading anchor:  'moon'...
2013-10-08 07:02:33 [INFO] [Multiverse-Core] Loading anchor:  'demon'...
2013-10-08 07:19:53 [INFO] [Multiverse-Core] - Version 2.4-b527 (API v14) Enabled - By Rigby, fernferret, lithium3141 and main--
2013-10-08 07:19:53 [INFO] [Multiverse-Core] Loading World & Settings - 'quest' - Env: NORMAL - Type: NORMAL & seed: 1962177577367602997
2013-10-08 07:19:53 [INFO] [Multiverse-Core] Loading World & Settings - 'quest_creative' - Env: NORMAL - Type: FLAT & seed: -5003094645941613726
2013-10-08 07:19:54 [INFO] [Multiverse-Core] Loading World & Settings - 'quest_the_end' - Env: THE_END - Type: NORMAL & seed: 5911596955946031148
2013-10-08 07:19:54 [INFO] [Multiverse-Core] 3 - World(s) loaded.
2013-10-08 07:19:54 [INFO] [Multiverse-Core] Loading anchor:  'snake'...
2013-10-08 07:19:54 [INFO] [Multiverse-Core] Loading anchor:  'eagle'...
2013-10-08 07:19:54 [INFO] [Multiverse-Core] Loading anchor:  'lizard'...
2013-10-08 07:19:54 [INFO] [Multiverse-Core] Loading anchor:  'dragon'...
2013-10-08 07:19:54 [INFO] [Multiverse-Core] Loading anchor:  'manji'...
2013-10-08 07:19:54 [INFO] [Multiverse-Core] Loading anchor:  'moon'...
2013-10-08 07:19:54 [INFO] [Multiverse-Core] Loading anchor:  'demon'...
2013-10-08 07:21:15 [INFO] [Multiverse-Core] - Version 2.4-b527 (API v14) Enabled - By Rigby, fernferret, lithium3141 and main--
2013-10-08 07:21:16 [INFO] [Multiverse-Core] Loading World & Settings - 'quest' - Env: NORMAL - Type: NORMAL & seed: 1962177577367602997
2013-10-08 07:21:16 [INFO] [Multiverse-Core] Loading World & Settings - 'quest_creative' - Env: NORMAL - Type: FLAT & seed: -5003094645941613726
2013-10-08 07:21:16 [INFO] [Multiverse-Core] Loading World & Settings - 'quest_the_end' - Env: THE_END - Type: NORMAL & seed: 5911596955946031148
2013-10-08 07:21:16 [INFO] [Multiverse-Core] 3 - World(s) loaded.
2013-10-08 07:21:16 [INFO] [Multiverse-Core] Loading anchor:  'snake'...
2013-10-08 07:21:16 [INFO] [Multiverse-Core] Loading anchor:  'eagle'...
2013-10-08 07:21:16 [INFO] [Multiverse-Core] Loading anchor:  'lizard'...
2013-10-08 07:21:16 [INFO] [Multiverse-Core] Loading anchor:  'dragon'...
2013-10-08 07:21:16 [INFO] [Multiverse-Core] Loading anchor:  'manji'...
2013-10-08 07:21:16 [INFO] [Multiverse-Core] Loading anchor:  'moon'...
2013-10-08 07:21:16 [INFO] [Multiverse-Core] Loading anchor:  'demon'...
2013-10-08 07:57:29 [INFO] [Multiverse-Core] - Version 2.4-b527 (API v14) Enabled - By Rigby, fernferret, lithium3141 and main--
2013-10-08 07:57:29 [INFO] [Multiverse-Core] Loading World & Settings - 'quest' - Env: NORMAL - Type: NORMAL & seed: 1962177577367602997
2013-10-08 07:57:29 [INFO] [Multiverse-Core] Loading World & Settings - 'quest_creative' - Env: NORMAL - Type: FLAT & seed: -5003094645941613726
2013-10-08 07:57:30 [INFO] [Multiverse-Core] Loading World & Settings - 'quest_the_end' - Env: THE_END - Type: NORMAL & seed: 5911596955946031148
2013-10-08 07:57:30 [INFO] [Multiverse-Core] 3 - World(s) loaded.
2013-10-08 07:57:30 [INFO] [Multiverse-Core] Loading anchor:  'snake'...
2013-10-08 07:57:30 [INFO] [Multiverse-Core] Loading anchor:  'eagle'...
2013-10-08 07:57:30 [INFO] [Multiverse-Core] Loading anchor:  'lizard'...
2013-10-08 07:57:30 [INFO] [Multiverse-Core] Loading anchor:  'dragon'...
2013-10-08 07:57:30 [INFO] [Multiverse-Core] Loading anchor:  'manji'...
2013-10-08 07:57:30 [INFO] [Multiverse-Core] Loading anchor:  'moon'...
2013-10-08 07:57:30 [INFO] [Multiverse-Core] Loading anchor:  'demon'...
2013-10-08 07:57:30 [INFO] [Multiverse-Core] Loading anchor:  'lion'...
2013-10-08 08:49:24 [INFO] [Multiverse-Core] - Version 2.4-b527 (API v14) Enabled - By Rigby, fernferret, lithium3141 and main--
2013-10-08 08:49:24 [INFO] [Multiverse-Core] Loading World & Settings - 'quest' - Env: NORMAL - Type: NORMAL & seed: 1962177577367602997
2013-10-08 08:49:24 [INFO] [Multiverse-Core] Loading World & Settings - 'quest_creative' - Env: NORMAL - Type: FLAT & seed: -5003094645941613726
2013-10-08 08:49:25 [INFO] [Multiverse-Core] Loading World & Settings - 'quest_the_end' - Env: THE_END - Type: NORMAL & seed: 5911596955946031148
2013-10-08 08:49:25 [INFO] [Multiverse-Core] 3 - World(s) loaded.
2013-10-08 08:49:25 [INFO] [Multiverse-Core] Loading anchor:  'snake'...
2013-10-08 08:49:25 [INFO] [Multiverse-Core] Loading anchor:  'eagle'...
2013-10-08 08:49:25 [INFO] [Multiverse-Core] Loading anchor:  'lizard'...
2013-10-08 08:49:25 [INFO] [Multiverse-Core] Loading anchor:  'dragon'...
2013-10-08 08:49:25 [INFO] [Multiverse-Core] Loading anchor:  'manji'...
2013-10-08 08:49:25 [INFO] [Multiverse-Core] Loading anchor:  'moon'...
2013-10-08 08:49:25 [INFO] [Multiverse-Core] Loading anchor:  'demon'...
2013-10-08 08:49:25 [INFO] [Multiverse-Core] Loading anchor:  'lion'...
2013-10-08 08:49:25 [INFO] [Multiverse-Core] Loading anchor:  'death'...
2013-10-08 14:51:01 [INFO] [Multiverse-Core] - Version 2.4-b527 (API v14) Enabled - By Rigby, fernferret, lithium3141 and main--
2013-10-08 14:51:01 [INFO] [Multiverse-Core] Loading World & Settings - 'quest' - Env: NORMAL - Type: NORMAL & seed: 1962177577367602997
2013-10-08 14:51:01 [INFO] [Multiverse-Core] Loading World & Settings - 'quest_creative' - Env: NORMAL - Type: FLAT & seed: -5003094645941613726
2013-10-08 14:51:02 [INFO] [Multiverse-Core] Loading World & Settings - 'quest_the_end' - Env: THE_END - Type: NORMAL & seed: 5911596955946031148
2013-10-08 14:51:02 [INFO] [Multiverse-Core] 3 - World(s) loaded.
2013-10-08 14:51:02 [INFO] [Multiverse-Core] Loading anchor:  'snake'...
2013-10-08 14:51:02 [INFO] [Multiverse-Core] Loading anchor:  'eagle'...
2013-10-08 14:51:02 [INFO] [Multiverse-Core] Loading anchor:  'lizard'...
2013-10-08 14:51:02 [INFO] [Multiverse-Core] Loading anchor:  'dragon'...
2013-10-08 14:51:02 [INFO] [Multiverse-Core] Loading anchor:  'manji'...
2013-10-08 14:51:02 [INFO] [Multiverse-Core] Loading anchor:  'moon'...
2013-10-08 14:51:02 [INFO] [Multiverse-Core] Loading anchor:  'demon'...
2013-10-08 14:51:02 [INFO] [Multiverse-Core] Loading anchor:  'lion'...
2013-10-08 14:51:02 [INFO] [Multiverse-Core] Loading anchor:  'death'...
2013-10-08 14:51:02 [INFO] [Multiverse-Core] Loading anchor:  'missingLock'...
2013-10-08 15:38:50 [INFO] [Multiverse-Core] - Version 2.4-b527 (API v14) Enabled - By Rigby, fernferret, lithium3141 and main--
2013-10-08 15:38:51 [INFO] [Multiverse-Core] Loading World & Settings - 'quest' - Env: NORMAL - Type: NORMAL & seed: 1962177577367602997
2013-10-08 15:38:51 [INFO] [Multiverse-Core] Loading World & Settings - 'quest_creative' - Env: NORMAL - Type: FLAT & seed: -5003094645941613726
2013-10-08 15:38:51 [INFO] [Multiverse-Core] Loading World & Settings - 'quest_the_end' - Env: THE_END - Type: NORMAL & seed: 5911596955946031148
2013-10-08 15:38:51 [INFO] [Multiverse-Core] 3 - World(s) loaded.
2013-10-08 15:38:51 [INFO] [Multiverse-Core] Loading anchor:  'snake'...
2013-10-08 15:38:51 [INFO] [Multiverse-Core] Loading anchor:  'eagle'...
2013-10-08 15:38:51 [INFO] [Multiverse-Core] Loading anchor:  'lizard'...
2013-10-08 15:38:51 [INFO] [Multiverse-Core] Loading anchor:  'dragon'...
2013-10-08 15:38:51 [INFO] [Multiverse-Core] Loading anchor:  'manji'...
2013-10-08 15:38:51 [INFO] [Multiverse-Core] Loading anchor:  'moon'...
2013-10-08 15:38:51 [INFO] [Multiverse-Core] Loading anchor:  'demon'...
2013-10-08 15:38:51 [INFO] [Multiverse-Core] Loading anchor:  'lion'...
2013-10-08 15:38:51 [INFO] [Multiverse-Core] Loading anchor:  'death'...
2013-10-08 15:38:51 [INFO] [Multiverse-Core] Loading anchor:  'missingLock'...
2013-10-08 20:23:17 [INFO] [Multiverse-Core] - Version 2.4-b527 (API v14) Enabled - By Rigby, fernferret, lithium3141 and main--
2013-10-08 20:23:17 [INFO] [Multiverse-Core] Loading World & Settings - 'quest' - Env: NORMAL - Type: NORMAL & seed: 1962177577367602997
2013-10-08 20:23:17 [INFO] [Multiverse-Core] Loading World & Settings - 'quest_creative' - Env: NORMAL - Type: FLAT & seed: -5003094645941613726
2013-10-08 20:23:18 [INFO] [Multiverse-Core] Loading World & Settings - 'quest_the_end' - Env: THE_END - Type: NORMAL & seed: 5911596955946031148
2013-10-08 20:23:18 [INFO] [Multiverse-Core] 3 - World(s) loaded.
2013-10-08 20:23:18 [INFO] [Multiverse-Core] Loading anchor:  'snake'...
2013-10-08 20:23:18 [INFO] [Multiverse-Core] Loading anchor:  'eagle'...
2013-10-08 20:23:18 [INFO] [Multiverse-Core] Loading anchor:  'lizard'...
2013-10-08 20:23:18 [INFO] [Multiverse-Core] Loading anchor:  'dragon'...
2013-10-08 20:23:18 [INFO] [Multiverse-Core] Loading anchor:  'manji'...
2013-10-08 20:23:18 [INFO] [Multiverse-Core] Loading anchor:  'moon'...
2013-10-08 20:23:18 [INFO] [Multiverse-Core] Loading anchor:  'demon'...
2013-10-08 20:23:18 [INFO] [Multiverse-Core] Loading anchor:  'lion'...
2013-10-08 20:23:18 [INFO] [Multiverse-Core] Loading anchor:  'death'...
2013-10-08 20:23:18 [INFO] [Multiverse-Core] Loading anchor:  'missingLock'...
2013-10-09 05:17:38 [INFO] [Multiverse-Core] - Version 2.4-b527 (API v14) Enabled - By Rigby, fernferret, lithium3141 and main--
2013-10-09 05:17:38 [INFO] [Multiverse-Core] Loading World & Settings - 'quest' - Env: NORMAL - Type: NORMAL & seed: 1962177577367602997
2013-10-09 05:17:38 [INFO] [Multiverse-Core] Loading World & Settings - 'quest_creative' - Env: NORMAL - Type: FLAT & seed: -5003094645941613726
2013-10-09 05:17:39 [INFO] [Multiverse-Core] Loading World & Settings - 'quest_the_end' - Env: THE_END - Type: NORMAL & seed: 5911596955946031148
2013-10-09 05:17:39 [INFO] [Multiverse-Core] 3 - World(s) loaded.
2013-10-09 05:17:39 [INFO] [Multiverse-Core] Loading anchor:  'snake'...
2013-10-09 05:17:39 [INFO] [Multiverse-Core] Loading anchor:  'eagle'...
2013-10-09 05:17:39 [INFO] [Multiverse-Core] Loading anchor:  'lizard'...
2013-10-09 05:17:39 [INFO] [Multiverse-Core] Loading anchor:  'dragon'...
2013-10-09 05:17:39 [INFO] [Multiverse-Core] Loading anchor:  'manji'...
2013-10-09 05:17:39 [INFO] [Multiverse-Core] Loading anchor:  'moon'...
2013-10-09 05:17:39 [INFO] [Multiverse-Core] Loading anchor:  'demon'...
2013-10-09 05:17:39 [INFO] [Multiverse-Core] Loading anchor:  'lion'...
2013-10-09 05:17:39 [INFO] [Multiverse-Core] Loading anchor:  'death'...
2013-10-09 05:17:39 [INFO] [Multiverse-Core] Loading anchor:  'missingLock'...
2013-10-09 05:44:58 [INFO] [Multiverse-Core] - Version 2.4-b527 (API v14) Enabled - By Rigby, fernferret, lithium3141 and main--
2013-10-09 05:44:58 [INFO] [Multiverse-Core] Loading World & Settings - 'quest' - Env: NORMAL - Type: NORMAL & seed: 1962177577367602997
2013-10-09 05:44:58 [INFO] [Multiverse-Core] Loading World & Settings - 'quest_creative' - Env: NORMAL - Type: FLAT & seed: -5003094645941613726
2013-10-09 05:44:59 [INFO] [Multiverse-Core] Loading World & Settings - 'quest_the_end' - Env: THE_END - Type: NORMAL & seed: 5911596955946031148
2013-10-09 05:44:59 [INFO] [Multiverse-Core] 3 - World(s) loaded.
2013-10-09 05:44:59 [INFO] [Multiverse-Core] Loading anchor:  'snake'...
2013-10-09 05:44:59 [INFO] [Multiverse-Core] Loading anchor:  'eagle'...
2013-10-09 05:44:59 [INFO] [Multiverse-Core] Loading anchor:  'lizard'...
2013-10-09 05:44:59 [INFO] [Multiverse-Core] Loading anchor:  'dragon'...
2013-10-09 05:44:59 [INFO] [Multiverse-Core] Loading anchor:  'manji'...
2013-10-09 05:44:59 [INFO] [Multiverse-Core] Loading anchor:  'moon'...
2013-10-09 05:44:59 [INFO] [Multiverse-Core] Loading anchor:  'demon'...
2013-10-09 05:44:59 [INFO] [Multiverse-Core] Loading anchor:  'lion'...
2013-10-09 05:44:59 [INFO] [Multiverse-Core] Loading anchor:  'death'...
2013-10-09 05:44:59 [INFO] [Multiverse-Core] Loading anchor:  'missingLock'...
2013-10-09 07:02:55 [INFO] [Multiverse-Core] - Version 2.4-b527 (API v14) Enabled - By Rigby, fernferret, lithium3141 and main--
2013-10-09 07:02:55 [INFO] [Multiverse-Core] Loading World & Settings - 'quest' - Env: NORMAL - Type: NORMAL & seed: 1962177577367602997
2013-10-09 07:02:55 [INFO] [Multiverse-Core] Loading World & Settings - 'quest_creative' - Env: NORMAL - Type: FLAT & seed: -5003094645941613726
2013-10-09 07:02:56 [INFO] [Multiverse-Core] Loading World & Settings - 'quest_the_end' - Env: THE_END - Type: NORMAL & seed: 5911596955946031148
2013-10-09 07:02:56 [INFO] [Multiverse-Core] 3 - World(s) loaded.
2013-10-09 07:02:56 [INFO] [Multiverse-Core] Loading anchor:  'snake'...
2013-10-09 07:02:56 [INFO] [Multiverse-Core] Loading anchor:  'eagle'...
2013-10-09 07:02:56 [INFO] [Multiverse-Core] Loading anchor:  'lizard'...
2013-10-09 07:02:56 [INFO] [Multiverse-Core] Loading anchor:  'dragon'...
2013-10-09 07:02:56 [INFO] [Multiverse-Core] Loading anchor:  'manji'...
2013-10-09 07:02:56 [INFO] [Multiverse-Core] Loading anchor:  'moon'...
2013-10-09 07:02:56 [INFO] [Multiverse-Core] Loading anchor:  'demon'...
2013-10-09 07:02:56 [INFO] [Multiverse-Core] Loading anchor:  'lion'...
2013-10-09 07:02:56 [INFO] [Multiverse-Core] Loading anchor:  'death'...
2013-10-09 07:02:56 [INFO] [Multiverse-Core] Loading anchor:  'missingLock'...
2013-10-09 07:26:46 [INFO] [Multiverse-Core] - Version 2.4-b527 (API v14) Enabled - By Rigby, fernferret, lithium3141 and main--
2013-10-09 07:26:47 [INFO] [Multiverse-Core] Loading World & Settings - 'quest' - Env: NORMAL - Type: NORMAL & seed: 1962177577367602997
2013-10-09 07:26:47 [INFO] [Multiverse-Core] Loading World & Settings - 'quest_creative' - Env: NORMAL - Type: FLAT & seed: -5003094645941613726
2013-10-09 07:26:47 [INFO] [Multiverse-Core] Loading World & Settings - 'quest_the_end' - Env: THE_END - Type: NORMAL & seed: 5911596955946031148
2013-10-09 07:26:48 [INFO] [Multiverse-Core] 3 - World(s) loaded.
2013-10-09 07:26:48 [INFO] [Multiverse-Core] Loading anchor:  'snake'...
2013-10-09 07:26:48 [INFO] [Multiverse-Core] Loading anchor:  'eagle'...
2013-10-09 07:26:48 [INFO] [Multiverse-Core] Loading anchor:  'lizard'...
2013-10-09 07:26:48 [INFO] [Multiverse-Core] Loading anchor:  'dragon'...
2013-10-09 07:26:48 [INFO] [Multiverse-Core] Loading anchor:  'manji'...
2013-10-09 07:26:48 [INFO] [Multiverse-Core] Loading anchor:  'moon'...
2013-10-09 07:26:48 [INFO] [Multiverse-Core] Loading anchor:  'demon'...
2013-10-09 07:26:48 [INFO] [Multiverse-Core] Loading anchor:  'lion'...
2013-10-09 07:26:48 [INFO] [Multiverse-Core] Loading anchor:  'death'...
2013-10-09 07:26:48 [INFO] [Multiverse-Core] Loading anchor:  'missingLock'...
2013-10-09 08:20:54 [INFO] [Multiverse-Core] - Version 2.4-b527 (API v14) Enabled - By Rigby, fernferret, lithium3141 and main--
2013-10-09 08:20:54 [INFO] [Multiverse-Core] Loading World & Settings - 'quest' - Env: NORMAL - Type: NORMAL & seed: 1962177577367602997
2013-10-09 08:20:54 [INFO] [Multiverse-Core] Loading World & Settings - 'quest_creative' - Env: NORMAL - Type: FLAT & seed: -5003094645941613726
2013-10-09 08:20:55 [INFO] [Multiverse-Core] Loading World & Settings - 'quest_the_end' - Env: THE_END - Type: NORMAL & seed: 5911596955946031148
2013-10-09 08:20:55 [INFO] [Multiverse-Core] 3 - World(s) loaded.
2013-10-09 08:20:55 [INFO] [Multiverse-Core] Loading anchor:  'snake'...
2013-10-09 08:20:55 [INFO] [Multiverse-Core] Loading anchor:  'eagle'...
2013-10-09 08:20:55 [INFO] [Multiverse-Core] Loading anchor:  'lizard'...
2013-10-09 08:20:55 [INFO] [Multiverse-Core] Loading anchor:  'dragon'...
2013-10-09 08:20:55 [INFO] [Multiverse-Core] Loading anchor:  'manji'...
2013-10-09 08:20:55 [INFO] [Multiverse-Core] Loading anchor:  'moon'...
2013-10-09 08:20:55 [INFO] [Multiverse-Core] Loading anchor:  'demon'...
2013-10-09 08:20:55 [INFO] [Multiverse-Core] Loading anchor:  'lion'...
2013-10-09 08:20:55 [INFO] [Multiverse-Core] Loading anchor:  'death'...
2013-10-09 08:20:55 [INFO] [Multiverse-Core] Loading anchor:  'missingLock'...
2013-10-09 08:55:29 [INFO] [Multiverse-Core] - Version 2.4-b527 (API v14) Enabled - By Rigby, fernferret, lithium3141 and main--
2013-10-09 08:55:29 [INFO] [Multiverse-Core] Loading World & Settings - 'quest' - Env: NORMAL - Type: NORMAL & seed: 1962177577367602997
2013-10-09 08:55:29 [INFO] [Multiverse-Core] Loading World & Settings - 'quest_creative' - Env: NORMAL - Type: FLAT & seed: -5003094645941613726
2013-10-09 08:55:30 [INFO] [Multiverse-Core] Loading World & Settings - 'quest_the_end' - Env: THE_END - Type: NORMAL & seed: 5911596955946031148
2013-10-09 08:55:31 [INFO] [Multiverse-Core] 3 - World(s) loaded.
2013-10-09 08:55:31 [INFO] [Multiverse-Core] Loading anchor:  'snake'...
2013-10-09 08:55:31 [INFO] [Multiverse-Core] Loading anchor:  'eagle'...
2013-10-09 08:55:31 [INFO] [Multiverse-Core] Loading anchor:  'lizard'...
2013-10-09 08:55:31 [INFO] [Multiverse-Core] Loading anchor:  'dragon'...
2013-10-09 08:55:31 [INFO] [Multiverse-Core] Loading anchor:  'manji'...
2013-10-09 08:55:31 [INFO] [Multiverse-Core] Loading anchor:  'moon'...
2013-10-09 08:55:31 [INFO] [Multiverse-Core] Loading anchor:  'demon'...
2013-10-09 08:55:31 [INFO] [Multiverse-Core] Loading anchor:  'lion'...
2013-10-09 08:55:31 [INFO] [Multiverse-Core] Loading anchor:  'death'...
2013-10-09 08:55:31 [INFO] [Multiverse-Core] Loading anchor:  'missingLock'...
2013-10-09 10:15:16 [INFO] [Multiverse-Core] - Version 2.4-b527 (API v14) Enabled - By Rigby, fernferret, lithium3141 and main--
2013-10-09 10:15:16 [INFO] [Multiverse-Core] Loading World & Settings - 'quest' - Env: NORMAL - Type: NORMAL & seed: 1962177577367602997
2013-10-09 10:15:16 [INFO] [Multiverse-Core] Loading World & Settings - 'quest_creative' - Env: NORMAL - Type: FLAT & seed: -5003094645941613726
2013-10-09 10:15:17 [INFO] [Multiverse-Core] Loading World & Settings - 'quest_the_end' - Env: THE_END - Type: NORMAL & seed: 5911596955946031148
2013-10-09 10:15:17 [INFO] [Multiverse-Core] 3 - World(s) loaded.
2013-10-09 10:15:17 [INFO] [Multiverse-Core] Loading anchor:  'snake'...
2013-10-09 10:15:17 [INFO] [Multiverse-Core] Loading anchor:  'eagle'...
2013-10-09 10:15:17 [INFO] [Multiverse-Core] Loading anchor:  'lizard'...
2013-10-09 10:15:17 [INFO] [Multiverse-Core] Loading anchor:  'dragon'...
2013-10-09 10:15:17 [INFO] [Multiverse-Core] Loading anchor:  'manji'...
2013-10-09 10:15:17 [INFO] [Multiverse-Core] Loading anchor:  'moon'...
2013-10-09 10:15:17 [INFO] [Multiverse-Core] Loading anchor:  'demon'...
2013-10-09 10:15:17 [INFO] [Multiverse-Core] Loading anchor:  'lion'...
2013-10-09 10:15:17 [INFO] [Multiverse-Core] Loading anchor:  'death'...
2013-10-09 10:15:17 [INFO] [Multiverse-Core] Loading anchor:  'missingLock'...
2013-10-09 14:30:09 [INFO] [Multiverse-Core] - Version 2.4-b527 (API v14) Enabled - By Rigby, fernferret, lithium3141 and main--
2013-10-09 14:30:09 [INFO] [Multiverse-Core] Loading World & Settings - 'quest' - Env: NORMAL - Type: NORMAL & seed: 1962177577367602997
2013-10-09 14:30:10 [INFO] [Multiverse-Core] Loading World & Settings - 'quest_creative' - Env: NORMAL - Type: FLAT & seed: -5003094645941613726
2013-10-09 14:30:10 [INFO] [Multiverse-Core] Loading World & Settings - 'quest_the_end' - Env: THE_END - Type: NORMAL & seed: 5911596955946031148
2013-10-09 14:30:11 [INFO] [Multiverse-Core] 3 - World(s) loaded.
2013-10-09 14:30:11 [INFO] [Multiverse-Core] Loading anchor:  'snake'...
2013-10-09 14:30:11 [INFO] [Multiverse-Core] Loading anchor:  'eagle'...
2013-10-09 14:30:11 [INFO] [Multiverse-Core] Loading anchor:  'lizard'...
2013-10-09 14:30:11 [INFO] [Multiverse-Core] Loading anchor:  'dragon'...
2013-10-09 14:30:11 [INFO] [Multiverse-Core] Loading anchor:  'manji'...
2013-10-09 14:30:11 [INFO] [Multiverse-Core] Loading anchor:  'moon'...
2013-10-09 14:30:11 [INFO] [Multiverse-Core] Loading anchor:  'demon'...
2013-10-09 14:30:11 [INFO] [Multiverse-Core] Loading anchor:  'lion'...
2013-10-09 14:30:11 [INFO] [Multiverse-Core] Loading anchor:  'death'...
2013-10-09 14:30:11 [INFO] [Multiverse-Core] Loading anchor:  'missingLock'...
2013-10-10 05:58:07 [INFO] [Multiverse-Core] - Version 2.4-b527 (API v14) Enabled - By Rigby, fernferret, lithium3141 and main--
2013-10-10 05:58:08 [INFO] [Multiverse-Core] Loading World & Settings - 'quest' - Env: NORMAL - Type: NORMAL & seed: 1962177577367602997
2013-10-10 05:58:08 [INFO] [Multiverse-Core] Loading World & Settings - 'quest_creative' - Env: NORMAL - Type: FLAT & seed: -5003094645941613726
2013-10-10 05:58:08 [INFO] [Multiverse-Core] Loading World & Settings - 'quest_the_end' - Env: THE_END - Type: NORMAL & seed: 5911596955946031148
2013-10-10 05:58:09 [INFO] [Multiverse-Core] 3 - World(s) loaded.
2013-10-10 05:58:09 [INFO] [Multiverse-Core] Loading anchor:  'snake'...
2013-10-10 05:58:09 [INFO] [Multiverse-Core] Loading anchor:  'eagle'...
2013-10-10 05:58:09 [INFO] [Multiverse-Core] Loading anchor:  'lizard'...
2013-10-10 05:58:09 [INFO] [Multiverse-Core] Loading anchor:  'dragon'...
2013-10-10 05:58:09 [INFO] [Multiverse-Core] Loading anchor:  'manji'...
2013-10-10 05:58:09 [INFO] [Multiverse-Core] Loading anchor:  'moon'...
2013-10-10 05:58:09 [INFO] [Multiverse-Core] Loading anchor:  'demon'...
2013-10-10 05:58:09 [INFO] [Multiverse-Core] Loading anchor:  'lion'...
2013-10-10 05:58:09 [INFO] [Multiverse-Core] Loading anchor:  'death'...
2013-10-10 05:58:09 [INFO] [Multiverse-Core] Loading anchor:  'missingLock'...
2013-10-10 06:16:33 [INFO] [Multiverse-Core] - Version 2.4-b527 (API v14) Enabled - By Rigby, fernferret, lithium3141 and main--
2013-10-10 06:16:33 [INFO] [Multiverse-Core] Loading World & Settings - 'quest' - Env: NORMAL - Type: NORMAL & seed: 1962177577367602997
2013-10-10 06:16:33 [INFO] [Multiverse-Core] Loading World & Settings - 'quest_creative' - Env: NORMAL - Type: FLAT & seed: -5003094645941613726
2013-10-10 06:16:34 [INFO] [Multiverse-Core] Loading World & Settings - 'quest_the_end' - Env: THE_END - Type: NORMAL & seed: 5911596955946031148
2013-10-10 06:16:34 [INFO] [Multiverse-Core] 3 - World(s) loaded.
2013-10-10 06:16:34 [INFO] [Multiverse-Core] Loading anchor:  'snake'...
2013-10-10 06:16:34 [INFO] [Multiverse-Core] Loading anchor:  'eagle'...
2013-10-10 06:16:34 [INFO] [Multiverse-Core] Loading anchor:  'lizard'...
2013-10-10 06:16:34 [INFO] [Multiverse-Core] Loading anchor:  'dragon'...
2013-10-10 06:16:34 [INFO] [Multiverse-Core] Loading anchor:  'manji'...
2013-10-10 06:16:34 [INFO] [Multiverse-Core] Loading anchor:  'moon'...
2013-10-10 06:16:34 [INFO] [Multiverse-Core] Loading anchor:  'demon'...
2013-10-10 06:16:34 [INFO] [Multiverse-Core] Loading anchor:  'lion'...
2013-10-10 06:16:34 [INFO] [Multiverse-Core] Loading anchor:  'death'...
2013-10-10 06:16:34 [INFO] [Multiverse-Core] Loading anchor:  'missingLock'...
2013-10-10 06:52:46 [INFO] [Multiverse-Core] - Version 2.4-b527 (API v14) Enabled - By Rigby, fernferret, lithium3141 and main--
2013-10-10 06:52:46 [INFO] [Multiverse-Core] Loading World & Settings - 'quest' - Env: NORMAL - Type: NORMAL & seed: 1962177577367602997
2013-10-10 06:52:46 [INFO] [Multiverse-Core] Loading World & Settings - 'quest_creative' - Env: NORMAL - Type: FLAT & seed: -5003094645941613726
2013-10-10 06:52:47 [INFO] [Multiverse-Core] Loading World & Settings - 'quest_the_end' - Env: THE_END - Type: NORMAL & seed: 5911596955946031148
2013-10-10 06:52:47 [INFO] [Multiverse-Core] 3 - World(s) loaded.
2013-10-10 06:52:47 [INFO] [Multiverse-Core] Loading anchor:  'snake'...
2013-10-10 06:52:47 [INFO] [Multiverse-Core] Loading anchor:  'eagle'...
2013-10-10 06:52:47 [INFO] [Multiverse-Core] Loading anchor:  'lizard'...
2013-10-10 06:52:47 [INFO] [Multiverse-Core] Loading anchor:  'dragon'...
2013-10-10 06:52:47 [INFO] [Multiverse-Core] Loading anchor:  'manji'...
2013-10-10 06:52:47 [INFO] [Multiverse-Core] Loading anchor:  'moon'...
2013-10-10 06:52:47 [INFO] [Multiverse-Core] Loading anchor:  'demon'...
2013-10-10 06:52:47 [INFO] [Multiverse-Core] Loading anchor:  'lion'...
2013-10-10 06:52:47 [INFO] [Multiverse-Core] Loading anchor:  'death'...
2013-10-10 06:52:47 [INFO] [Multiverse-Core] Loading anchor:  'missingLock'...
2013-10-10 07:41:46 [INFO] [Multiverse-Core] - Version 2.4-b527 (API v14) Enabled - By Rigby, fernferret, lithium3141 and main--
2013-10-10 07:41:46 [INFO] [Multiverse-Core] Loading World & Settings - 'quest' - Env: NORMAL - Type: NORMAL & seed: 1962177577367602997
2013-10-10 07:41:46 [INFO] [Multiverse-Core] Loading World & Settings - 'quest_creative' - Env: NORMAL - Type: FLAT & seed: -5003094645941613726
2013-10-10 07:41:47 [INFO] [Multiverse-Core] Loading World & Settings - 'quest_the_end' - Env: THE_END - Type: NORMAL & seed: 5911596955946031148
2013-10-10 07:41:47 [INFO] [Multiverse-Core] 3 - World(s) loaded.
2013-10-10 07:41:47 [INFO] [Multiverse-Core] Loading anchor:  'snake'...
2013-10-10 07:41:47 [INFO] [Multiverse-Core] Loading anchor:  'eagle'...
2013-10-10 07:41:47 [INFO] [Multiverse-Core] Loading anchor:  'lizard'...
2013-10-10 07:41:47 [INFO] [Multiverse-Core] Loading anchor:  'dragon'...
2013-10-10 07:41:47 [INFO] [Multiverse-Core] Loading anchor:  'manji'...
2013-10-10 07:41:47 [INFO] [Multiverse-Core] Loading anchor:  'moon'...
2013-10-10 07:41:47 [INFO] [Multiverse-Core] Loading anchor:  'demon'...
2013-10-10 07:41:47 [INFO] [Multiverse-Core] Loading anchor:  'lion'...
2013-10-10 07:41:47 [INFO] [Multiverse-Core] Loading anchor:  'death'...
2013-10-10 07:41:47 [INFO] [Multiverse-Core] Loading anchor:  'missingLock'...
2013-10-10 10:45:28 [INFO] [Multiverse-Core] - Version 2.4-b527 (API v14) Enabled - By Rigby, fernferret, lithium3141 and main--
2013-10-10 10:45:28 [INFO] [Multiverse-Core] Loading World & Settings - 'quest' - Env: NORMAL - Type: NORMAL & seed: 1962177577367602997
2013-10-10 10:45:28 [INFO] [Multiverse-Core] Loading World & Settings - 'quest_creative' - Env: NORMAL - Type: FLAT & seed: -5003094645941613726
2013-10-10 10:45:29 [INFO] [Multiverse-Core] Loading World & Settings - 'quest_the_end' - Env: THE_END - Type: NORMAL & seed: 5911596955946031148
2013-10-10 10:45:29 [INFO] [Multiverse-Core] 3 - World(s) loaded.
2013-10-10 10:45:29 [INFO] [Multiverse-Core] Loading anchor:  'snake'...
2013-10-10 10:45:29 [INFO] [Multiverse-Core] Loading anchor:  'eagle'...
2013-10-10 10:45:29 [INFO] [Multiverse-Core] Loading anchor:  'lizard'...
2013-10-10 10:45:29 [INFO] [Multiverse-Core] Loading anchor:  'dragon'...
2013-10-10 10:45:29 [INFO] [Multiverse-Core] Loading anchor:  'manji'...
2013-10-10 10:45:29 [INFO] [Multiverse-Core] Loading anchor:  'moon'...
2013-10-10 10:45:29 [INFO] [Multiverse-Core] Loading anchor:  'demon'...
2013-10-10 10:45:29 [INFO] [Multiverse-Core] Loading anchor:  'lion'...
2013-10-10 10:45:29 [INFO] [Multiverse-Core] Loading anchor:  'death'...
2013-10-10 10:45:29 [INFO] [Multiverse-Core] Loading anchor:  'missingLock'...
2013-10-10 10:46:10 [INFO] [Multiverse-Core] - Version 2.4-b527 (API v14) Enabled - By Rigby, fernferret, lithium3141 and main--
2013-10-10 10:46:10 [INFO] [Multiverse-Core] Loading World & Settings - 'quest' - Env: NORMAL - Type: NORMAL & seed: 1962177577367602997
2013-10-10 10:46:10 [INFO] [Multiverse-Core] Loading World & Settings - 'quest_creative' - Env: NORMAL - Type: FLAT & seed: -5003094645941613726
2013-10-10 10:46:11 [INFO] [Multiverse-Core] Loading World & Settings - 'quest_the_end' - Env: THE_END - Type: NORMAL & seed: 5911596955946031148
2013-10-10 10:46:11 [INFO] [Multiverse-Core] 3 - World(s) loaded.
2013-10-10 10:46:11 [INFO] [Multiverse-Core] Loading anchor:  'snake'...
2013-10-10 10:46:11 [INFO] [Multiverse-Core] Loading anchor:  'eagle'...
2013-10-10 10:46:11 [INFO] [Multiverse-Core] Loading anchor:  'lizard'...
2013-10-10 10:46:11 [INFO] [Multiverse-Core] Loading anchor:  'dragon'...
2013-10-10 10:46:11 [INFO] [Multiverse-Core] Loading anchor:  'manji'...
2013-10-10 10:46:11 [INFO] [Multiverse-Core] Loading anchor:  'moon'...
2013-10-10 10:46:11 [INFO] [Multiverse-Core] Loading anchor:  'demon'...
2013-10-10 10:46:11 [INFO] [Multiverse-Core] Loading anchor:  'lion'...
2013-10-10 10:46:11 [INFO] [Multiverse-Core] Loading anchor:  'death'...
2013-10-10 10:46:11 [INFO] [Multiverse-Core] Loading anchor:  'missingLock'...
2013-10-10 10:46:35 [INFO] [Multiverse-Core] - Version 2.4-b527 (API v14) Enabled - By Rigby, fernferret, lithium3141 and main--
2013-10-10 10:46:35 [INFO] [Multiverse-Core] Loading World & Settings - 'quest' - Env: NORMAL - Type: NORMAL & seed: 1962177577367602997
2013-10-10 10:46:35 [INFO] [Multiverse-Core] Loading World & Settings - 'quest_creative' - Env: NORMAL - Type: FLAT & seed: -5003094645941613726
2013-10-10 10:46:36 [INFO] [Multiverse-Core] Loading World & Settings - 'quest_the_end' - Env: THE_END - Type: NORMAL & seed: 5911596955946031148
2013-10-10 10:46:36 [INFO] [Multiverse-Core] 3 - World(s) loaded.
2013-10-10 10:46:36 [INFO] [Multiverse-Core] Loading anchor:  'snake'...
2013-10-10 10:46:36 [INFO] [Multiverse-Core] Loading anchor:  'eagle'...
2013-10-10 10:46:36 [INFO] [Multiverse-Core] Loading anchor:  'lizard'...
2013-10-10 10:46:36 [INFO] [Multiverse-Core] Loading anchor:  'dragon'...
2013-10-10 10:46:36 [INFO] [Multiverse-Core] Loading anchor:  'manji'...
2013-10-10 10:46:36 [INFO] [Multiverse-Core] Loading anchor:  'moon'...
2013-10-10 10:46:36 [INFO] [Multiverse-Core] Loading anchor:  'demon'...
2013-10-10 10:46:36 [INFO] [Multiverse-Core] Loading anchor:  'lion'...
2013-10-10 10:46:36 [INFO] [Multiverse-Core] Loading anchor:  'death'...
2013-10-10 10:46:36 [INFO] [Multiverse-Core] Loading anchor:  'missingLock'...
2013-11-25 20:42:41 [INFO] [Multiverse-Core] - Version 2.4-b527 (API v14) Enabled - By Rigby, fernferret, lithium3141 and main--
2013-11-25 20:42:41 [INFO] [Multiverse-Core] Loading World & Settings - 'quest' - Env: NORMAL - Type: NORMAL & seed: 1962177577367602997
2013-11-25 20:42:41 [INFO] [Multiverse-Core] Loading World & Settings - 'quest_creative' - Env: NORMAL - Type: FLAT & seed: -5003094645941613726
2013-11-25 20:42:42 [INFO] [Multiverse-Core] Loading World & Settings - 'quest_the_end' - Env: THE_END - Type: NORMAL & seed: 5911596955946031148
2013-11-25 20:42:42 [INFO] [Multiverse-Core] 3 - World(s) loaded.
2013-11-25 20:42:42 [INFO] [Multiverse-Core] Loading anchor:  'snake'...
2013-11-25 20:42:42 [INFO] [Multiverse-Core] Loading anchor:  'eagle'...
2013-11-25 20:42:42 [INFO] [Multiverse-Core] Loading anchor:  'lizard'...
2013-11-25 20:42:42 [INFO] [Multiverse-Core] Loading anchor:  'dragon'...
2013-11-25 20:42:42 [INFO] [Multiverse-Core] Loading anchor:  'manji'...
2013-11-25 20:42:42 [INFO] [Multiverse-Core] Loading anchor:  'moon'...
2013-11-25 20:42:42 [INFO] [Multiverse-Core] Loading anchor:  'demon'...
2013-11-25 20:42:42 [INFO] [Multiverse-Core] Loading anchor:  'lion'...
2013-11-25 20:42:42 [INFO] [Multiverse-Core] Loading anchor:  'death'...
2013-11-25 20:42:42 [INFO] [Multiverse-Core] Loading anchor:  'missingLock'...
2013-11-25 20:43:38 [INFO] [Multiverse-Core] - Version 2.4-b527 (API v14) Enabled - By Rigby, fernferret, lithium3141 and main--
2013-11-25 20:43:38 [INFO] [Multiverse-Core] Loading World & Settings - 'quest' - Env: NORMAL - Type: NORMAL & seed: 1962177577367602997
2013-11-25 20:43:38 [INFO] [Multiverse-Core] Loading World & Settings - 'quest_creative' - Env: NORMAL - Type: FLAT & seed: -5003094645941613726
2013-11-25 20:43:39 [INFO] [Multiverse-Core] Loading World & Settings - 'quest_the_end' - Env: THE_END - Type: NORMAL & seed: 5911596955946031148
2013-11-25 20:43:39 [INFO] [Multiverse-Core] 3 - World(s) loaded.
2013-11-25 20:43:39 [INFO] [Multiverse-Core] Loading anchor:  'snake'...
2013-11-25 20:43:39 [INFO] [Multiverse-Core] Loading anchor:  'eagle'...
2013-11-25 20:43:39 [INFO] [Multiverse-Core] Loading anchor:  'lizard'...
2013-11-25 20:43:39 [INFO] [Multiverse-Core] Loading anchor:  'dragon'...
2013-11-25 20:43:39 [INFO] [Multiverse-Core] Loading anchor:  'manji'...
2013-11-25 20:43:39 [INFO] [Multiverse-Core] Loading anchor:  'moon'...
2013-11-25 20:43:39 [INFO] [Multiverse-Core] Loading anchor:  'demon'...
2013-11-25 20:43:39 [INFO] [Multiverse-Core] Loading anchor:  'lion'...
2013-11-25 20:43:39 [INFO] [Multiverse-Core] Loading anchor:  'death'...
2013-11-25 20:43:39 [INFO] [Multiverse-Core] Loading anchor:  'missingLock'...
2013-11-25 20:46:22 [INFO] [Multiverse-Core] - Version 2.4-b527 (API v14) Enabled - By Rigby, fernferret, lithium3141 and main--
2013-11-25 20:46:23 [INFO] [Multiverse-Core] Loading World & Settings - 'quest' - Env: NORMAL - Type: NORMAL & seed: 1962177577367602997
2013-11-25 20:46:23 [INFO] [Multiverse-Core] Loading World & Settings - 'quest_creative' - Env: NORMAL - Type: FLAT & seed: -5003094645941613726
2013-11-25 20:46:23 [INFO] [Multiverse-Core] Loading World & Settings - 'quest_the_end' - Env: THE_END - Type: NORMAL & seed: 5911596955946031148
2013-11-25 20:46:23 [INFO] [Multiverse-Core] 3 - World(s) loaded.
2013-11-25 20:46:23 [INFO] [Multiverse-Core] Loading anchor:  'snake'...
2013-11-25 20:46:23 [INFO] [Multiverse-Core] Loading anchor:  'eagle'...
2013-11-25 20:46:23 [INFO] [Multiverse-Core] Loading anchor:  'lizard'...
2013-11-25 20:46:23 [INFO] [Multiverse-Core] Loading anchor:  'dragon'...
2013-11-25 20:46:23 [INFO] [Multiverse-Core] Loading anchor:  'manji'...
2013-11-25 20:46:23 [INFO] [Multiverse-Core] Loading anchor:  'moon'...
2013-11-25 20:46:23 [INFO] [Multiverse-Core] Loading anchor:  'demon'...
2013-11-25 20:46:23 [INFO] [Multiverse-Core] Loading anchor:  'lion'...
2013-11-25 20:46:23 [INFO] [Multiverse-Core] Loading anchor:  'death'...
2013-11-25 20:46:23 [INFO] [Multiverse-Core] Loading anchor:  'missingLock'...
2013-11-25 21:13:27 [INFO] [Multiverse-Core] - Version 2.4-b527 (API v14) Enabled - By Rigby, fernferret, lithium3141 and main--
2013-11-25 21:13:27 [INFO] [Multiverse-Core] Loading World & Settings - 'quest' - Env: NORMAL - Type: NORMAL & seed: 1962177577367602997
2013-11-25 21:13:28 [INFO] [Multiverse-Core] Loading World & Settings - 'quest_creative' - Env: NORMAL - Type: FLAT & seed: -5003094645941613726
2013-11-25 21:13:28 [INFO] [Multiverse-Core] Loading World & Settings - 'quest_the_end' - Env: THE_END - Type: NORMAL & seed: 5911596955946031148
2013-11-25 21:13:28 [INFO] [Multiverse-Core] 3 - World(s) loaded.
2013-11-25 21:13:28 [INFO] [Multiverse-Core] Loading anchor:  'snake'...
2013-11-25 21:13:28 [INFO] [Multiverse-Core] Loading anchor:  'eagle'...
2013-11-25 21:13:28 [INFO] [Multiverse-Core] Loading anchor:  'lizard'...
2013-11-25 21:13:28 [INFO] [Multiverse-Core] Loading anchor:  'dragon'...
2013-11-25 21:13:28 [INFO] [Multiverse-Core] Loading anchor:  'manji'...
2013-11-25 21:13:28 [INFO] [Multiverse-Core] Loading anchor:  'moon'...
2013-11-25 21:13:28 [INFO] [Multiverse-Core] Loading anchor:  'demon'...
2013-11-25 21:13:28 [INFO] [Multiverse-Core] Loading anchor:  'lion'...
2013-11-25 21:13:28 [INFO] [Multiverse-Core] Loading anchor:  'death'...
2013-11-25 21:13:28 [INFO] [Multiverse-Core] Loading anchor:  'missingLock'...
2013-11-25 22:01:24 [INFO] [Multiverse-Core] - Version 2.4-b527 (API v14) Enabled - By Rigby, fernferret, lithium3141 and main--
2013-11-25 22:01:24 [INFO] [Multiverse-Core] Loading World & Settings - 'quest' - Env: NORMAL - Type: NORMAL & seed: 1962177577367602997
2013-11-25 22:01:24 [INFO] [Multiverse-Core] Loading World & Settings - 'quest_creative' - Env: NORMAL - Type: FLAT & seed: -5003094645941613726
2013-11-25 22:01:25 [INFO] [Multiverse-Core] Loading World & Settings - 'quest_the_end' - Env: THE_END - Type: NORMAL & seed: 5911596955946031148
2013-11-25 22:01:25 [INFO] [Multiverse-Core] 3 - World(s) loaded.
2013-11-25 22:01:25 [INFO] [Multiverse-Core] Loading anchor:  'snake'...
2013-11-25 22:01:25 [INFO] [Multiverse-Core] Loading anchor:  'eagle'...
2013-11-25 22:01:25 [INFO] [Multiverse-Core] Loading anchor:  'lizard'...
2013-11-25 22:01:25 [INFO] [Multiverse-Core] Loading anchor:  'dragon'...
2013-11-25 22:01:25 [INFO] [Multiverse-Core] Loading anchor:  'manji'...
2013-11-25 22:01:25 [INFO] [Multiverse-Core] Loading anchor:  'moon'...
2013-11-25 22:01:25 [INFO] [Multiverse-Core] Loading anchor:  'demon'...
2013-11-25 22:01:25 [INFO] [Multiverse-Core] Loading anchor:  'lion'...
2013-11-25 22:01:25 [INFO] [Multiverse-Core] Loading anchor:  'death'...
2013-11-25 22:01:25 [INFO] [Multiverse-Core] Loading anchor:  'missingLock'...
2013-11-25 22:06:48 [INFO] [Multiverse-Core] - Version 2.4-b527 (API v14) Enabled - By Rigby, fernferret, lithium3141 and main--
2013-11-25 22:06:48 [INFO] [Multiverse-Core] Loading World & Settings - 'quest' - Env: NORMAL - Type: NORMAL & seed: 1962177577367602997
2013-11-25 22:06:48 [INFO] [Multiverse-Core] Loading World & Settings - 'quest_creative' - Env: NORMAL - Type: FLAT & seed: -5003094645941613726
2013-11-25 22:06:49 [INFO] [Multiverse-Core] Loading World & Settings - 'quest_the_end' - Env: THE_END - Type: NORMAL & seed: 5911596955946031148
2013-11-25 22:06:49 [INFO] [Multiverse-Core] 3 - World(s) loaded.
2013-11-25 22:06:49 [INFO] [Multiverse-Core] Loading anchor:  'snake'...
2013-11-25 22:06:49 [INFO] [Multiverse-Core] Loading anchor:  'eagle'...
2013-11-25 22:06:49 [INFO] [Multiverse-Core] Loading anchor:  'lizard'...
2013-11-25 22:06:49 [INFO] [Multiverse-Core] Loading anchor:  'dragon'...
2013-11-25 22:06:49 [INFO] [Multiverse-Core] Loading anchor:  'manji'...
2013-11-25 22:06:49 [INFO] [Multiverse-Core] Loading anchor:  'moon'...
2013-11-25 22:06:49 [INFO] [Multiverse-Core] Loading anchor:  'demon'...
2013-11-25 22:06:49 [INFO] [Multiverse-Core] Loading anchor:  'lion'...
2013-11-25 22:06:49 [INFO] [Multiverse-Core] Loading anchor:  'death'...
2013-11-25 22:06:49 [INFO] [Multiverse-Core] Loading anchor:  'missingLock'...
2013-12-02 20:11:14 [INFO] [Multiverse-Core] - Version 2.4-b527 (API v14) Enabled - By Rigby, fernferret, lithium3141 and main--
2013-12-02 20:11:14 [INFO] [Multiverse-Core] Loading World & Settings - 'quest' - Env: NORMAL - Type: NORMAL & seed: 1962177577367602997
2013-12-02 20:11:14 [INFO] [Multiverse-Core] Loading World & Settings - 'quest_creative' - Env: NORMAL - Type: FLAT & seed: -5003094645941613726
2013-12-02 20:11:15 [INFO] [Multiverse-Core] Loading World & Settings - 'quest_the_end' - Env: THE_END - Type: NORMAL & seed: 5911596955946031148
2013-12-02 20:11:15 [INFO] [Multiverse-Core] 3 - World(s) loaded.
2013-12-02 20:11:15 [INFO] [Multiverse-Core] Loading anchor:  'snake'...
2013-12-02 20:11:15 [INFO] [Multiverse-Core] Loading anchor:  'eagle'...
2013-12-02 20:11:15 [INFO] [Multiverse-Core] Loading anchor:  'lizard'...
2013-12-02 20:11:15 [INFO] [Multiverse-Core] Loading anchor:  'dragon'...
2013-12-02 20:11:15 [INFO] [Multiverse-Core] Loading anchor:  'manji'...
2013-12-02 20:11:15 [INFO] [Multiverse-Core] Loading anchor:  'moon'...
2013-12-02 20:11:15 [INFO] [Multiverse-Core] Loading anchor:  'demon'...
2013-12-02 20:11:15 [INFO] [Multiverse-Core] Loading anchor:  'lion'...
2013-12-02 20:11:15 [INFO] [Multiverse-Core] Loading anchor:  'death'...
2013-12-02 20:11:15 [INFO] [Multiverse-Core] Loading anchor:  'missingLock'...
2013-12-03 17:08:39 [INFO] [Multiverse-Core] - Version 2.4-b527 (API v14) Enabled - By Rigby, fernferret, lithium3141 and main--
2013-12-03 17:08:39 [INFO] [Multiverse-Core] Loading World & Settings - 'quest' - Env: NORMAL - Type: NORMAL & seed: 1962177577367602997
2013-12-03 17:08:39 [INFO] [Multiverse-Core] Loading World & Settings - 'quest_creative' - Env: NORMAL - Type: FLAT & seed: -5003094645941613726
2013-12-03 17:08:40 [INFO] [Multiverse-Core] Loading World & Settings - 'quest_the_end' - Env: THE_END - Type: NORMAL & seed: 5911596955946031148
2013-12-03 17:08:40 [INFO] [Multiverse-Core] 3 - World(s) loaded.
2013-12-03 17:08:40 [INFO] [Multiverse-Core] Loading anchor:  'snake'...
2013-12-03 17:08:40 [INFO] [Multiverse-Core] Loading anchor:  'eagle'...
2013-12-03 17:08:40 [INFO] [Multiverse-Core] Loading anchor:  'lizard'...
2013-12-03 17:08:40 [INFO] [Multiverse-Core] Loading anchor:  'dragon'...
2013-12-03 17:08:40 [INFO] [Multiverse-Core] Loading anchor:  'manji'...
2013-12-03 17:08:40 [INFO] [Multiverse-Core] Loading anchor:  'moon'...
2013-12-03 17:08:40 [INFO] [Multiverse-Core] Loading anchor:  'demon'...
2013-12-03 17:08:40 [INFO] [Multiverse-Core] Loading anchor:  'lion'...
2013-12-03 17:08:40 [INFO] [Multiverse-Core] Loading anchor:  'death'...
2013-12-03 17:08:40 [INFO] [Multiverse-Core] Loading anchor:  'missingLock'...
2013-12-03 17:08:40 [INFO] [Multiverse-Core] Loading anchor:  'test1'...
2013-12-03 17:08:40 [INFO] [Multiverse-Core] Loading anchor:  'test2'...
2013-12-03 17:08:40 [INFO] [Multiverse-Core] Loading anchor:  'dungeon1'...
2013-12-03 17:08:40 [INFO] [Multiverse-Core] Loading anchor:  'dungeon2'...
2013-12-03 17:08:40 [INFO] [Multiverse-Core] Loading anchor:  'dungeon3'...
2013-12-03 17:08:40 [INFO] [Multiverse-Core] Loading anchor:  'dungeon4'...
2013-12-03 17:08:40 [INFO] [Multiverse-Core] Loading anchor:  'dungeon5'...
2013-12-03 17:08:40 [INFO] [Multiverse-Core] Loading anchor:  'dungeon6'...
2013-12-03 17:08:40 [INFO] [Multiverse-Core] Loading anchor:  'dungeon7'...
2013-12-03 17:08:40 [INFO] [Multiverse-Core] Loading anchor:  'dungeon8'...
2013-12-03 17:08:40 [INFO] [Multiverse-Core] Loading anchor:  'dungeon9'...
2013-12-04 06:36:52 [INFO] [Multiverse-Core] - Version 2.4-b527 (API v14) Enabled - By Rigby, fernferret, lithium3141 and main--
2013-12-04 06:36:52 [INFO] [Multiverse-Core] Loading World & Settings - 'quest' - Env: NORMAL - Type: NORMAL & seed: 1962177577367602997
2013-12-04 06:36:52 [INFO] [Multiverse-Core] Loading World & Settings - 'quest_creative' - Env: NORMAL - Type: FLAT & seed: -5003094645941613726
2013-12-04 06:36:53 [INFO] [Multiverse-Core] Loading World & Settings - 'quest_the_end' - Env: THE_END - Type: NORMAL & seed: 5911596955946031148
2013-12-04 06:36:53 [INFO] [Multiverse-Core] 3 - World(s) loaded.
2013-12-04 06:36:53 [INFO] [Multiverse-Core] Loading anchor:  'snake'...
2013-12-04 06:36:53 [INFO] [Multiverse-Core] Loading anchor:  'eagle'...
2013-12-04 06:36:53 [INFO] [Multiverse-Core] Loading anchor:  'lizard'...
2013-12-04 06:36:53 [INFO] [Multiverse-Core] Loading anchor:  'dragon'...
2013-12-04 06:36:53 [INFO] [Multiverse-Core] Loading anchor:  'manji'...
2013-12-04 06:36:53 [INFO] [Multiverse-Core] Loading anchor:  'moon'...
2013-12-04 06:36:53 [INFO] [Multiverse-Core] Loading anchor:  'demon'...
2013-12-04 06:36:53 [INFO] [Multiverse-Core] Loading anchor:  'lion'...
2013-12-04 06:36:53 [INFO] [Multiverse-Core] Loading anchor:  'death'...
2013-12-04 06:36:53 [INFO] [Multiverse-Core] Loading anchor:  'missingLock'...
2013-12-04 06:36:53 [INFO] [Multiverse-Core] Loading anchor:  'test1'...
2013-12-04 06:36:53 [INFO] [Multiverse-Core] Loading anchor:  'test2'...
2013-12-04 06:36:53 [INFO] [Multiverse-Core] Loading anchor:  'dungeon1'...
2013-12-04 06:36:53 [INFO] [Multiverse-Core] Loading anchor:  'dungeon2'...
2013-12-04 06:36:53 [INFO] [Multiverse-Core] Loading anchor:  'dungeon3'...
2013-12-04 06:36:53 [INFO] [Multiverse-Core] Loading anchor:  'dungeon4'...
2013-12-04 06:36:53 [INFO] [Multiverse-Core] Loading anchor:  'dungeon5'...
2013-12-04 06:36:53 [INFO] [Multiverse-Core] Loading anchor:  'dungeon6'...
2013-12-04 06:36:53 [INFO] [Multiverse-Core] Loading anchor:  'dungeon7'...
2013-12-04 06:36:53 [INFO] [Multiverse-Core] Loading anchor:  'dungeon8'...
2013-12-04 06:36:53 [INFO] [Multiverse-Core] Loading anchor:  'dungeon9'...
2013-12-04 06:41:18 [INFO] [Multiverse-Core] - Version 2.4-b527 (API v14) Enabled - By Rigby, fernferret, lithium3141 and main--
2013-12-04 06:41:18 [INFO] [Multiverse-Core] Loading World & Settings - 'quest' - Env: NORMAL - Type: NORMAL & seed: 1962177577367602997
2013-12-04 06:41:18 [INFO] [Multiverse-Core] Loading World & Settings - 'quest_creative' - Env: NORMAL - Type: FLAT & seed: -5003094645941613726
2013-12-04 06:41:19 [INFO] [Multiverse-Core] Loading World & Settings - 'quest_the_end' - Env: THE_END - Type: NORMAL & seed: 5911596955946031148
2013-12-04 06:41:19 [INFO] [Multiverse-Core] 3 - World(s) loaded.
2013-12-04 06:41:19 [INFO] [Multiverse-Core] Loading anchor:  'snake'...
2013-12-04 06:41:19 [INFO] [Multiverse-Core] Loading anchor:  'eagle'...
2013-12-04 06:41:19 [INFO] [Multiverse-Core] Loading anchor:  'lizard'...
2013-12-04 06:41:19 [INFO] [Multiverse-Core] Loading anchor:  'dragon'...
2013-12-04 06:41:19 [INFO] [Multiverse-Core] Loading anchor:  'manji'...
2013-12-04 06:41:19 [INFO] [Multiverse-Core] Loading anchor:  'moon'...
2013-12-04 06:41:19 [INFO] [Multiverse-Core] Loading anchor:  'demon'...
2013-12-04 06:41:19 [INFO] [Multiverse-Core] Loading anchor:  'lion'...
2013-12-04 06:41:19 [INFO] [Multiverse-Core] Loading anchor:  'death'...
2013-12-04 06:41:19 [INFO] [Multiverse-Core] Loading anchor:  'missingLock'...
2013-12-04 06:41:19 [INFO] [Multiverse-Core] Loading anchor:  'test1'...
2013-12-04 06:41:19 [INFO] [Multiverse-Core] Loading anchor:  'test2'...
2013-12-04 06:41:19 [INFO] [Multiverse-Core] Loading anchor:  'dungeon1'...
2013-12-04 06:41:19 [INFO] [Multiverse-Core] Loading anchor:  'dungeon2'...
2013-12-04 06:41:19 [INFO] [Multiverse-Core] Loading anchor:  'dungeon3'...
2013-12-04 06:41:19 [INFO] [Multiverse-Core] Loading anchor:  'dungeon4'...
2013-12-04 06:41:19 [INFO] [Multiverse-Core] Loading anchor:  'dungeon5'...
2013-12-04 06:41:19 [INFO] [Multiverse-Core] Loading anchor:  'dungeon6'...
2013-12-04 06:41:19 [INFO] [Multiverse-Core] Loading anchor:  'dungeon7'...
2013-12-04 06:41:19 [INFO] [Multiverse-Core] Loading anchor:  'dungeon8'...
2013-12-04 06:41:19 [INFO] [Multiverse-Core] Loading anchor:  'dungeon9'...
2013-12-04 06:44:48 [INFO] [Multiverse-Core] - Version 2.4-b527 (API v14) Enabled - By Rigby, fernferret, lithium3141 and main--
2013-12-04 06:44:48 [INFO] [Multiverse-Core] Loading World & Settings - 'quest' - Env: NORMAL - Type: NORMAL & seed: 1962177577367602997
2013-12-04 06:44:48 [INFO] [Multiverse-Core] Loading World & Settings - 'quest_creative' - Env: NORMAL - Type: FLAT & seed: -5003094645941613726
2013-12-04 06:44:49 [INFO] [Multiverse-Core] Loading World & Settings - 'quest_the_end' - Env: THE_END - Type: NORMAL & seed: 5911596955946031148
2013-12-04 06:44:49 [INFO] [Multiverse-Core] 3 - World(s) loaded.
2013-12-04 06:44:49 [INFO] [Multiverse-Core] Loading anchor:  'snake'...
2013-12-04 06:44:49 [INFO] [Multiverse-Core] Loading anchor:  'eagle'...
2013-12-04 06:44:49 [INFO] [Multiverse-Core] Loading anchor:  'lizard'...
2013-12-04 06:44:49 [INFO] [Multiverse-Core] Loading anchor:  'dragon'...
2013-12-04 06:44:49 [INFO] [Multiverse-Core] Loading anchor:  'manji'...
2013-12-04 06:44:49 [INFO] [Multiverse-Core] Loading anchor:  'moon'...
2013-12-04 06:44:49 [INFO] [Multiverse-Core] Loading anchor:  'demon'...
2013-12-04 06:44:49 [INFO] [Multiverse-Core] Loading anchor:  'lion'...
2013-12-04 06:44:49 [INFO] [Multiverse-Core] Loading anchor:  'death'...
2013-12-04 06:44:49 [INFO] [Multiverse-Core] Loading anchor:  'missingLock'...
2013-12-04 06:44:49 [INFO] [Multiverse-Core] Loading anchor:  'test1'...
2013-12-04 06:44:49 [INFO] [Multiverse-Core] Loading anchor:  'test2'...
2013-12-04 06:44:49 [INFO] [Multiverse-Core] Loading anchor:  'dungeon1'...
2013-12-04 06:44:49 [INFO] [Multiverse-Core] Loading anchor:  'dungeon2'...
2013-12-04 06:44:49 [INFO] [Multiverse-Core] Loading anchor:  'dungeon3'...
2013-12-04 06:44:49 [INFO] [Multiverse-Core] Loading anchor:  'dungeon4'...
2013-12-04 06:44:49 [INFO] [Multiverse-Core] Loading anchor:  'dungeon5'...
2013-12-04 06:44:49 [INFO] [Multiverse-Core] Loading anchor:  'dungeon6'...
2013-12-04 06:44:49 [INFO] [Multiverse-Core] Loading anchor:  'dungeon7'...
2013-12-04 06:44:49 [INFO] [Multiverse-Core] Loading anchor:  'dungeon8'...
2013-12-04 06:44:49 [INFO] [Multiverse-Core] Loading anchor:  'dungeon9'...
2013-12-04 06:58:53 [INFO] [Multiverse-Core] - Version 2.4-b527 (API v14) Enabled - By Rigby, fernferret, lithium3141 and main--
2013-12-04 06:58:53 [INFO] [Multiverse-Core] Loading World & Settings - 'quest' - Env: NORMAL - Type: NORMAL & seed: 1962177577367602997
2013-12-04 06:58:53 [INFO] [Multiverse-Core] Loading World & Settings - 'quest_creative' - Env: NORMAL - Type: FLAT & seed: -5003094645941613726
2013-12-04 06:58:54 [INFO] [Multiverse-Core] Loading World & Settings - 'quest_the_end' - Env: THE_END - Type: NORMAL & seed: 5911596955946031148
2013-12-04 06:58:54 [INFO] [Multiverse-Core] 3 - World(s) loaded.
2013-12-04 06:58:54 [INFO] [Multiverse-Core] Loading anchor:  'snake'...
2013-12-04 06:58:54 [INFO] [Multiverse-Core] Loading anchor:  'eagle'...
2013-12-04 06:58:54 [INFO] [Multiverse-Core] Loading anchor:  'lizard'...
2013-12-04 06:58:54 [INFO] [Multiverse-Core] Loading anchor:  'dragon'...
2013-12-04 06:58:54 [INFO] [Multiverse-Core] Loading anchor:  'manji'...
2013-12-04 06:58:54 [INFO] [Multiverse-Core] Loading anchor:  'moon'...
2013-12-04 06:58:54 [INFO] [Multiverse-Core] Loading anchor:  'demon'...
2013-12-04 06:58:54 [INFO] [Multiverse-Core] Loading anchor:  'lion'...
2013-12-04 06:58:54 [INFO] [Multiverse-Core] Loading anchor:  'death'...
2013-12-04 06:58:54 [INFO] [Multiverse-Core] Loading anchor:  'missingLock'...
2013-12-04 06:58:54 [INFO] [Multiverse-Core] Loading anchor:  'test1'...
2013-12-04 06:58:54 [INFO] [Multiverse-Core] Loading anchor:  'test2'...
2013-12-04 06:58:54 [INFO] [Multiverse-Core] Loading anchor:  'dungeon1'...
2013-12-04 06:58:54 [INFO] [Multiverse-Core] Loading anchor:  'dungeon2'...
2013-12-04 06:58:54 [INFO] [Multiverse-Core] Loading anchor:  'dungeon3'...
2013-12-04 06:58:54 [INFO] [Multiverse-Core] Loading anchor:  'dungeon4'...
2013-12-04 06:58:54 [INFO] [Multiverse-Core] Loading anchor:  'dungeon5'...
2013-12-04 06:58:54 [INFO] [Multiverse-Core] Loading anchor:  'dungeon6'...
2013-12-04 06:58:54 [INFO] [Multiverse-Core] Loading anchor:  'dungeon7'...
2013-12-04 06:58:54 [INFO] [Multiverse-Core] Loading anchor:  'dungeon8'...
2013-12-04 06:58:54 [INFO] [Multiverse-Core] Loading anchor:  'dungeon9'...
2013-12-04 07:03:58 [INFO] [Multiverse-Core] - Version 2.4-b527 (API v14) Enabled - By Rigby, fernferret, lithium3141 and main--
2013-12-04 07:03:58 [INFO] [Multiverse-Core] Loading World & Settings - 'quest' - Env: NORMAL - Type: NORMAL & seed: 1962177577367602997
2013-12-04 07:03:58 [INFO] [Multiverse-Core] Loading World & Settings - 'quest_creative' - Env: NORMAL - Type: FLAT & seed: -5003094645941613726
2013-12-04 07:03:59 [INFO] [Multiverse-Core] Loading World & Settings - 'quest_the_end' - Env: THE_END - Type: NORMAL & seed: 5911596955946031148
2013-12-04 07:03:59 [INFO] [Multiverse-Core] 3 - World(s) loaded.
2013-12-04 07:03:59 [INFO] [Multiverse-Core] Loading anchor:  'snake'...
2013-12-04 07:03:59 [INFO] [Multiverse-Core] Loading anchor:  'eagle'...
2013-12-04 07:03:59 [INFO] [Multiverse-Core] Loading anchor:  'lizard'...
2013-12-04 07:03:59 [INFO] [Multiverse-Core] Loading anchor:  'dragon'...
2013-12-04 07:03:59 [INFO] [Multiverse-Core] Loading anchor:  'manji'...
2013-12-04 07:03:59 [INFO] [Multiverse-Core] Loading anchor:  'moon'...
2013-12-04 07:03:59 [INFO] [Multiverse-Core] Loading anchor:  'demon'...
2013-12-04 07:03:59 [INFO] [Multiverse-Core] Loading anchor:  'lion'...
2013-12-04 07:03:59 [INFO] [Multiverse-Core] Loading anchor:  'death'...
2013-12-04 07:03:59 [INFO] [Multiverse-Core] Loading anchor:  'missingLock'...
2013-12-04 07:03:59 [INFO] [Multiverse-Core] Loading anchor:  'test1'...
2013-12-04 07:03:59 [INFO] [Multiverse-Core] Loading anchor:  'test2'...
2013-12-04 07:03:59 [INFO] [Multiverse-Core] Loading anchor:  'dungeon1'...
2013-12-04 07:03:59 [INFO] [Multiverse-Core] Loading anchor:  'dungeon2'...
2013-12-04 07:03:59 [INFO] [Multiverse-Core] Loading anchor:  'dungeon3'...
2013-12-04 07:03:59 [INFO] [Multiverse-Core] Loading anchor:  'dungeon4'...
2013-12-04 07:03:59 [INFO] [Multiverse-Core] Loading anchor:  'dungeon5'...
2013-12-04 07:03:59 [INFO] [Multiverse-Core] Loading anchor:  'dungeon6'...
2013-12-04 07:03:59 [INFO] [Multiverse-Core] Loading anchor:  'dungeon7'...
2013-12-04 07:03:59 [INFO] [Multiverse-Core] Loading anchor:  'dungeon8'...
2013-12-04 07:03:59 [INFO] [Multiverse-Core] Loading anchor:  'dungeon9'...
2013-12-04 07:20:25 [INFO] [Multiverse-Core] - Version 2.4-b527 (API v14) Enabled - By Rigby, fernferret, lithium3141 and main--
2013-12-04 07:20:25 [INFO] [Multiverse-Core] Loading World & Settings - 'quest' - Env: NORMAL - Type: NORMAL & seed: 1962177577367602997
2013-12-04 07:20:26 [INFO] [Multiverse-Core] Loading World & Settings - 'quest_creative' - Env: NORMAL - Type: FLAT & seed: -5003094645941613726
2013-12-04 07:20:26 [INFO] [Multiverse-Core] Loading World & Settings - 'quest_the_end' - Env: THE_END - Type: NORMAL & seed: 5911596955946031148
2013-12-04 07:20:26 [INFO] [Multiverse-Core] 3 - World(s) loaded.
2013-12-04 07:20:26 [INFO] [Multiverse-Core] Loading anchor:  'snake'...
2013-12-04 07:20:26 [INFO] [Multiverse-Core] Loading anchor:  'eagle'...
2013-12-04 07:20:26 [INFO] [Multiverse-Core] Loading anchor:  'lizard'...
2013-12-04 07:20:26 [INFO] [Multiverse-Core] Loading anchor:  'dragon'...
2013-12-04 07:20:26 [INFO] [Multiverse-Core] Loading anchor:  'manji'...
2013-12-04 07:20:26 [INFO] [Multiverse-Core] Loading anchor:  'moon'...
2013-12-04 07:20:26 [INFO] [Multiverse-Core] Loading anchor:  'demon'...
2013-12-04 07:20:26 [INFO] [Multiverse-Core] Loading anchor:  'lion'...
2013-12-04 07:20:26 [INFO] [Multiverse-Core] Loading anchor:  'death'...
2013-12-04 07:20:26 [INFO] [Multiverse-Core] Loading anchor:  'missingLock'...
2013-12-04 07:20:26 [INFO] [Multiverse-Core] Loading anchor:  'test1'...
2013-12-04 07:20:26 [INFO] [Multiverse-Core] Loading anchor:  'test2'...
2013-12-04 07:20:26 [INFO] [Multiverse-Core] Loading anchor:  'dungeon1'...
2013-12-04 07:20:26 [INFO] [Multiverse-Core] Loading anchor:  'dungeon2'...
2013-12-04 07:20:26 [INFO] [Multiverse-Core] Loading anchor:  'dungeon3'...
2013-12-04 07:20:26 [INFO] [Multiverse-Core] Loading anchor:  'dungeon4'...
2013-12-04 07:20:26 [INFO] [Multiverse-Core] Loading anchor:  'dungeon5'...
2013-12-04 07:20:26 [INFO] [Multiverse-Core] Loading anchor:  'dungeon6'...
2013-12-04 07:20:26 [INFO] [Multiverse-Core] Loading anchor:  'dungeon7'...
2013-12-04 07:20:26 [INFO] [Multiverse-Core] Loading anchor:  'dungeon8'...
2013-12-04 07:20:26 [INFO] [Multiverse-Core] Loading anchor:  'dungeon9'...
2013-12-17 15:27:02 [INFO] [Multiverse-Core] - Version 2.4-b527 (API v14) Enabled - By Rigby, fernferret, lithium3141 and main--
2013-12-17 15:27:02 [INFO] [Multiverse-Core] Loading World & Settings - 'quest' - Env: NORMAL - Type: NORMAL & seed: 1962177577367602997
2013-12-17 15:27:02 [INFO] [Multiverse-Core] Loading World & Settings - 'quest_creative' - Env: NORMAL - Type: FLAT & seed: -5003094645941613726
2013-12-17 15:27:03 [INFO] [Multiverse-Core] Loading World & Settings - 'quest_the_end' - Env: THE_END - Type: NORMAL & seed: 5911596955946031148
2013-12-17 15:27:03 [INFO] [Multiverse-Core] 3 - World(s) loaded.
2013-12-17 15:27:03 [INFO] [Multiverse-Core] Loading anchor:  'snake'...
2013-12-17 15:27:03 [INFO] [Multiverse-Core] Loading anchor:  'eagle'...
2013-12-17 15:27:03 [INFO] [Multiverse-Core] Loading anchor:  'lizard'...
2013-12-17 15:27:03 [INFO] [Multiverse-Core] Loading anchor:  'dragon'...
2013-12-17 15:27:03 [INFO] [Multiverse-Core] Loading anchor:  'manji'...
2013-12-17 15:27:03 [INFO] [Multiverse-Core] Loading anchor:  'moon'...
2013-12-17 15:27:03 [INFO] [Multiverse-Core] Loading anchor:  'demon'...
2013-12-17 15:27:03 [INFO] [Multiverse-Core] Loading anchor:  'lion'...
2013-12-17 15:27:03 [INFO] [Multiverse-Core] Loading anchor:  'death'...
2013-12-17 15:27:03 [INFO] [Multiverse-Core] Loading anchor:  'missingLock'...
2013-12-17 15:27:03 [INFO] [Multiverse-Core] Loading anchor:  'test1'...
2013-12-17 15:27:03 [INFO] [Multiverse-Core] Loading anchor:  'test2'...
2013-12-17 15:27:03 [INFO] [Multiverse-Core] Loading anchor:  'dungeon1'...
2013-12-17 15:27:03 [INFO] [Multiverse-Core] Loading anchor:  'dungeon2'...
2013-12-17 15:27:03 [INFO] [Multiverse-Core] Loading anchor:  'dungeon3'...
2013-12-17 15:27:03 [INFO] [Multiverse-Core] Loading anchor:  'dungeon4'...
2013-12-17 15:27:03 [INFO] [Multiverse-Core] Loading anchor:  'dungeon5'...
2013-12-17 15:27:03 [INFO] [Multiverse-Core] Loading anchor:  'dungeon6'...
2013-12-17 15:27:03 [INFO] [Multiverse-Core] Loading anchor:  'dungeon7'...
2013-12-17 15:27:03 [INFO] [Multiverse-Core] Loading anchor:  'dungeon8'...
2013-12-17 15:27:03 [INFO] [Multiverse-Core] Loading anchor:  'dungeon9'...
2013-12-17 15:28:07 [INFO] [Multiverse-Core] - Version 2.4-b527 (API v14) Enabled - By Rigby, fernferret, lithium3141 and main--
2013-12-17 15:28:07 [INFO] [Multiverse-Core] Loading World & Settings - 'quest' - Env: NORMAL - Type: NORMAL & seed: 1962177577367602997
2013-12-17 15:28:07 [INFO] [Multiverse-Core] Loading World & Settings - 'quest_creative' - Env: NORMAL - Type: FLAT & seed: -5003094645941613726
2013-12-17 15:28:08 [INFO] [Multiverse-Core] Loading World & Settings - 'quest_the_end' - Env: THE_END - Type: NORMAL & seed: 5911596955946031148
2013-12-17 15:28:08 [INFO] [Multiverse-Core] 3 - World(s) loaded.
2013-12-17 15:28:08 [INFO] [Multiverse-Core] Loading anchor:  'snake'...
2013-12-17 15:28:08 [INFO] [Multiverse-Core] Loading anchor:  'eagle'...
2013-12-17 15:28:08 [INFO] [Multiverse-Core] Loading anchor:  'lizard'...
2013-12-17 15:28:08 [INFO] [Multiverse-Core] Loading anchor:  'dragon'...
2013-12-17 15:28:08 [INFO] [Multiverse-Core] Loading anchor:  'manji'...
2013-12-17 15:28:08 [INFO] [Multiverse-Core] Loading anchor:  'moon'...
2013-12-17 15:28:08 [INFO] [Multiverse-Core] Loading anchor:  'demon'...
2013-12-17 15:28:08 [INFO] [Multiverse-Core] Loading anchor:  'lion'...
2013-12-17 15:28:08 [INFO] [Multiverse-Core] Loading anchor:  'death'...
2013-12-17 15:28:08 [INFO] [Multiverse-Core] Loading anchor:  'missingLock'...
2013-12-17 15:28:08 [INFO] [Multiverse-Core] Loading anchor:  'test1'...
2013-12-17 15:28:08 [INFO] [Multiverse-Core] Loading anchor:  'test2'...
2013-12-17 15:28:08 [INFO] [Multiverse-Core] Loading anchor:  'dungeon1'...
2013-12-17 15:28:08 [INFO] [Multiverse-Core] Loading anchor:  'dungeon2'...
2013-12-17 15:28:08 [INFO] [Multiverse-Core] Loading anchor:  'dungeon3'...
2013-12-17 15:28:08 [INFO] [Multiverse-Core] Loading anchor:  'dungeon4'...
2013-12-17 15:28:08 [INFO] [Multiverse-Core] Loading anchor:  'dungeon5'...
2013-12-17 15:28:08 [INFO] [Multiverse-Core] Loading anchor:  'dungeon6'...
2013-12-17 15:28:08 [INFO] [Multiverse-Core] Loading anchor:  'dungeon7'...
2013-12-17 15:28:08 [INFO] [Multiverse-Core] Loading anchor:  'dungeon8'...
2013-12-17 15:28:08 [INFO] [Multiverse-Core] Loading anchor:  'dungeon9'...
2013-12-17 15:31:16 [INFO] [Multiverse-Core] - Version 2.4-b527 (API v14) Enabled - By Rigby, fernferret, lithium3141 and main--
2013-12-17 15:31:16 [INFO] [Multiverse-Core] Loading World & Settings - 'quest' - Env: NORMAL - Type: NORMAL & seed: 1962177577367602997
2013-12-17 15:31:16 [INFO] [Multiverse-Core] Loading World & Settings - 'quest_creative' - Env: NORMAL - Type: FLAT & seed: -5003094645941613726
2013-12-17 15:31:17 [INFO] [Multiverse-Core] Loading World & Settings - 'quest_the_end' - Env: THE_END - Type: NORMAL & seed: 5911596955946031148
2013-12-17 15:31:17 [INFO] [Multiverse-Core] 3 - World(s) loaded.
2013-12-17 15:31:17 [INFO] [Multiverse-Core] Loading anchor:  'snake'...
2013-12-17 15:31:17 [INFO] [Multiverse-Core] Loading anchor:  'eagle'...
2013-12-17 15:31:17 [INFO] [Multiverse-Core] Loading anchor:  'lizard'...
2013-12-17 15:31:17 [INFO] [Multiverse-Core] Loading anchor:  'dragon'...
2013-12-17 15:31:17 [INFO] [Multiverse-Core] Loading anchor:  'manji'...
2013-12-17 15:31:17 [INFO] [Multiverse-Core] Loading anchor:  'moon'...
2013-12-17 15:31:17 [INFO] [Multiverse-Core] Loading anchor:  'demon'...
2013-12-17 15:31:17 [INFO] [Multiverse-Core] Loading anchor:  'lion'...
2013-12-17 15:31:17 [INFO] [Multiverse-Core] Loading anchor:  'death'...
2013-12-17 15:31:17 [INFO] [Multiverse-Core] Loading anchor:  'missingLock'...
2013-12-17 15:31:17 [INFO] [Multiverse-Core] Loading anchor:  'test1'...
2013-12-17 15:31:17 [INFO] [Multiverse-Core] Loading anchor:  'test2'...
2013-12-17 15:31:17 [INFO] [Multiverse-Core] Loading anchor:  'dungeon1'...
2013-12-17 15:31:17 [INFO] [Multiverse-Core] Loading anchor:  'dungeon2'...
2013-12-17 15:31:17 [INFO] [Multiverse-Core] Loading anchor:  'dungeon3'...
2013-12-17 15:31:17 [INFO] [Multiverse-Core] Loading anchor:  'dungeon4'...
2013-12-17 15:31:17 [INFO] [Multiverse-Core] Loading anchor:  'dungeon5'...
2013-12-17 15:31:17 [INFO] [Multiverse-Core] Loading anchor:  'dungeon6'...
2013-12-17 15:31:17 [INFO] [Multiverse-Core] Loading anchor:  'dungeon7'...
2013-12-17 15:31:17 [INFO] [Multiverse-Core] Loading anchor:  'dungeon8'...
2013-12-17 15:31:17 [INFO] [Multiverse-Core] Loading anchor:  'dungeon9'...
2013-12-23 15:51:32 [INFO] [Multiverse-Core] - Version 2.4-b527 (API v14) Enabled - By Rigby, fernferret, lithium3141 and main--
2013-12-23 15:51:33 [INFO] [Multiverse-Core] Loading World & Settings - 'quest' - Env: NORMAL - Type: NORMAL & seed: 1962177577367602997
2013-12-23 15:51:33 [INFO] [Multiverse-Core] Loading World & Settings - 'quest_creative' - Env: NORMAL - Type: FLAT & seed: -5003094645941613726
2013-12-23 15:51:34 [INFO] [Multiverse-Core] Loading World & Settings - 'quest_the_end' - Env: THE_END - Type: NORMAL & seed: 5911596955946031148
2013-12-23 15:51:34 [INFO] [Multiverse-Core] 3 - World(s) loaded.
2013-12-23 15:51:34 [INFO] [Multiverse-Core] Loading anchor:  'snake'...
2013-12-23 15:51:34 [INFO] [Multiverse-Core] Loading anchor:  'eagle'...
2013-12-23 15:51:34 [INFO] [Multiverse-Core] Loading anchor:  'lizard'...
2013-12-23 15:51:34 [INFO] [Multiverse-Core] Loading anchor:  'dragon'...
2013-12-23 15:51:34 [INFO] [Multiverse-Core] Loading anchor:  'manji'...
2013-12-23 15:51:34 [INFO] [Multiverse-Core] Loading anchor:  'moon'...
2013-12-23 15:51:34 [INFO] [Multiverse-Core] Loading anchor:  'demon'...
2013-12-23 15:51:34 [INFO] [Multiverse-Core] Loading anchor:  'lion'...
2013-12-23 15:51:34 [INFO] [Multiverse-Core] Loading anchor:  'death'...
2013-12-23 15:51:34 [INFO] [Multiverse-Core] Loading anchor:  'missingLock'...
2013-12-23 15:51:34 [INFO] [Multiverse-Core] Loading anchor:  'test1'...
2013-12-23 15:51:34 [INFO] [Multiverse-Core] Loading anchor:  'test2'...
2013-12-23 15:51:34 [INFO] [Multiverse-Core] Loading anchor:  'dungeon1'...
2013-12-23 15:51:34 [INFO] [Multiverse-Core] Loading anchor:  'dungeon2'...
2013-12-23 15:51:34 [INFO] [Multiverse-Core] Loading anchor:  'dungeon3'...
2013-12-23 15:51:34 [INFO] [Multiverse-Core] Loading anchor:  'dungeon4'...
2013-12-23 15:51:34 [INFO] [Multiverse-Core] Loading anchor:  'dungeon5'...
2013-12-23 15:51:34 [INFO] [Multiverse-Core] Loading anchor:  'dungeon6'...
2013-12-23 15:51:34 [INFO] [Multiverse-Core] Loading anchor:  'dungeon7'...
2013-12-23 15:51:34 [INFO] [Multiverse-Core] Loading anchor:  'dungeon8'...
2013-12-23 15:51:34 [INFO] [Multiverse-Core] Loading anchor:  'dungeon9'...
2014-02-11 16:10:22 [INFO] [Multiverse-Core] - Version 2.4-b527 (API v14) Enabled - By Rigby, fernferret, lithium3141 and main--
2014-02-11 16:10:22 [INFO] [Multiverse-Core] Loading World & Settings - 'quest' - Env: NORMAL - Type: NORMAL & seed: 1962177577367602997
2014-02-11 16:10:22 [INFO] [Multiverse-Core] Loading World & Settings - 'quest_creative' - Env: NORMAL - Type: FLAT & seed: -5003094645941613726
2014-02-11 16:10:23 [INFO] [Multiverse-Core] Loading World & Settings - 'quest_the_end' - Env: THE_END - Type: NORMAL & seed: 5911596955946031148
2014-02-11 16:10:23 [INFO] [Multiverse-Core] 3 - World(s) loaded.
2014-02-11 16:10:23 [INFO] [Multiverse-Core] Loading anchor:  'snake'...
2014-02-11 16:10:23 [INFO] [Multiverse-Core] Loading anchor:  'eagle'...
2014-02-11 16:10:23 [INFO] [Multiverse-Core] Loading anchor:  'lizard'...
2014-02-11 16:10:23 [INFO] [Multiverse-Core] Loading anchor:  'dragon'...
2014-02-11 16:10:23 [INFO] [Multiverse-Core] Loading anchor:  'manji'...
2014-02-11 16:10:23 [INFO] [Multiverse-Core] Loading anchor:  'moon'...
2014-02-11 16:10:23 [INFO] [Multiverse-Core] Loading anchor:  'demon'...
2014-02-11 16:10:23 [INFO] [Multiverse-Core] Loading anchor:  'lion'...
2014-02-11 16:10:23 [INFO] [Multiverse-Core] Loading anchor:  'death'...
2014-02-11 16:10:23 [INFO] [Multiverse-Core] Loading anchor:  'missingLock'...
2014-02-11 16:10:23 [INFO] [Multiverse-Core] Loading anchor:  'test1'...
2014-02-11 16:10:23 [INFO] [Multiverse-Core] Loading anchor:  'test2'...
2014-02-11 16:10:23 [INFO] [Multiverse-Core] Loading anchor:  'dungeon1'...
2014-02-11 16:10:23 [INFO] [Multiverse-Core] Loading anchor:  'dungeon2'...
2014-02-11 16:10:23 [INFO] [Multiverse-Core] Loading anchor:  'dungeon3'...
2014-02-11 16:10:23 [INFO] [Multiverse-Core] Loading anchor:  'dungeon4'...
2014-02-11 16:10:23 [INFO] [Multiverse-Core] Loading anchor:  'dungeon5'...
2014-02-11 16:10:23 [INFO] [Multiverse-Core] Loading anchor:  'dungeon6'...
2014-02-11 16:10:23 [INFO] [Multiverse-Core] Loading anchor:  'dungeon7'...
2014-02-11 16:10:23 [INFO] [Multiverse-Core] Loading anchor:  'dungeon8'...
2014-02-11 16:10:23 [INFO] [Multiverse-Core] Loading anchor:  'dungeon9'...
2014-02-11 16:15:08 [INFO] [Multiverse-Core] - Version 2.4-b527 (API v14) Enabled - By Rigby, fernferret, lithium3141 and main--
2014-02-11 16:15:08 [INFO] [Multiverse-Core] Loading World & Settings - 'quest' - Env: NORMAL - Type: NORMAL & seed: 1962177577367602997
2014-02-11 16:15:08 [INFO] [Multiverse-Core] Loading World & Settings - 'quest_creative' - Env: NORMAL - Type: FLAT & seed: -5003094645941613726
2014-02-11 16:15:09 [INFO] [Multiverse-Core] Loading World & Settings - 'quest_the_end' - Env: THE_END - Type: NORMAL & seed: 5911596955946031148
2014-02-11 16:15:09 [INFO] [Multiverse-Core] 3 - World(s) loaded.
2014-02-11 16:15:09 [INFO] [Multiverse-Core] Loading anchor:  'snake'...
2014-02-11 16:15:09 [INFO] [Multiverse-Core] Loading anchor:  'eagle'...
2014-02-11 16:15:09 [INFO] [Multiverse-Core] Loading anchor:  'lizard'...
2014-02-11 16:15:09 [INFO] [Multiverse-Core] Loading anchor:  'dragon'...
2014-02-11 16:15:09 [INFO] [Multiverse-Core] Loading anchor:  'manji'...
2014-02-11 16:15:09 [INFO] [Multiverse-Core] Loading anchor:  'moon'...
2014-02-11 16:15:09 [INFO] [Multiverse-Core] Loading anchor:  'demon'...
2014-02-11 16:15:09 [INFO] [Multiverse-Core] Loading anchor:  'lion'...
2014-02-11 16:15:09 [INFO] [Multiverse-Core] Loading anchor:  'death'...
2014-02-11 16:15:09 [INFO] [Multiverse-Core] Loading anchor:  'missingLock'...
2014-02-11 16:15:09 [INFO] [Multiverse-Core] Loading anchor:  'test1'...
2014-02-11 16:15:09 [INFO] [Multiverse-Core] Loading anchor:  'test2'...
2014-02-11 16:15:09 [INFO] [Multiverse-Core] Loading anchor:  'dungeon1'...
2014-02-11 16:15:09 [INFO] [Multiverse-Core] Loading anchor:  'dungeon2'...
2014-02-11 16:15:09 [INFO] [Multiverse-Core] Loading anchor:  'dungeon3'...
2014-02-11 16:15:09 [INFO] [Multiverse-Core] Loading anchor:  'dungeon4'...
2014-02-11 16:15:09 [INFO] [Multiverse-Core] Loading anchor:  'dungeon5'...
2014-02-11 16:15:09 [INFO] [Multiverse-Core] Loading anchor:  'dungeon6'...
2014-02-11 16:15:09 [INFO] [Multiverse-Core] Loading anchor:  'dungeon7'...
2014-02-11 16:15:09 [INFO] [Multiverse-Core] Loading anchor:  'dungeon8'...
2014-02-11 16:15:09 [INFO] [Multiverse-Core] Loading anchor:  'dungeon9'...
2014-02-17 08:14:15 [INFO] [Multiverse-Core] - Version 2.4-b527 (API v14) Enabled - By Rigby, fernferret, lithium3141 and main--
2014-02-17 08:14:15 [INFO] [Multiverse-Core] Loading World & Settings - 'quest' - Env: NORMAL - Type: NORMAL & seed: 1962177577367602997
2014-02-17 08:14:15 [INFO] [Multiverse-Core] Loading World & Settings - 'quest_creative' - Env: NORMAL - Type: FLAT & seed: -5003094645941613726
2014-02-17 08:14:16 [INFO] [Multiverse-Core] Loading World & Settings - 'quest_the_end' - Env: THE_END - Type: NORMAL & seed: 5911596955946031148
2014-02-17 08:14:16 [INFO] [Multiverse-Core] 3 - World(s) loaded.
2014-02-17 08:14:16 [INFO] [Multiverse-Core] Loading anchor:  'snake'...
2014-02-17 08:14:16 [INFO] [Multiverse-Core] Loading anchor:  'eagle'...
2014-02-17 08:14:16 [INFO] [Multiverse-Core] Loading anchor:  'lizard'...
2014-02-17 08:14:16 [INFO] [Multiverse-Core] Loading anchor:  'dragon'...
2014-02-17 08:14:16 [INFO] [Multiverse-Core] Loading anchor:  'manji'...
2014-02-17 08:14:16 [INFO] [Multiverse-Core] Loading anchor:  'moon'...
2014-02-17 08:14:16 [INFO] [Multiverse-Core] Loading anchor:  'demon'...
2014-02-17 08:14:16 [INFO] [Multiverse-Core] Loading anchor:  'lion'...
2014-02-17 08:14:16 [INFO] [Multiverse-Core] Loading anchor:  'death'...
2014-02-17 08:14:16 [INFO] [Multiverse-Core] Loading anchor:  'missingLock'...
2014-02-17 08:14:16 [INFO] [Multiverse-Core] Loading anchor:  'test1'...
2014-02-17 08:14:16 [INFO] [Multiverse-Core] Loading anchor:  'test2'...
2014-02-17 08:14:16 [INFO] [Multiverse-Core] Loading anchor:  'dungeon1'...
2014-02-17 08:14:16 [INFO] [Multiverse-Core] Loading anchor:  'dungeon2'...
2014-02-17 08:14:16 [INFO] [Multiverse-Core] Loading anchor:  'dungeon3'...
2014-02-17 08:14:16 [INFO] [Multiverse-Core] Loading anchor:  'dungeon4'...
2014-02-17 08:14:16 [INFO] [Multiverse-Core] Loading anchor:  'dungeon5'...
2014-02-17 08:14:16 [INFO] [Multiverse-Core] Loading anchor:  'dungeon6'...
2014-02-17 08:14:16 [INFO] [Multiverse-Core] Loading anchor:  'dungeon7'...
2014-02-17 08:14:16 [INFO] [Multiverse-Core] Loading anchor:  'dungeon8'...
2014-02-17 08:14:16 [INFO] [Multiverse-Core] Loading anchor:  'dungeon9'...
